<?xml version="1.0" encoding="UTF-8"?>
<testsuite name="com.B305.ogym.service.UserServiceTest" tests="2" skipped="0" failures="0" errors="0" timestamp="2021-08-12T14:26:54" hostname="DESKTOP-H7093P3" time="0.163">
  <properties/>
  <testcase name="이메일 중복 시 회원가입 실패" classname="com.B305.ogym.service.UserServiceTest" time="0.16"/>
  <testcase name="닉네임 중복 시 회원가입 실패" classname="com.B305.ogym.service.UserServiceTest" time="0.003"/>
  <system-out><![CDATA[]]></system-out>
  <system-err><![CDATA[]]></system-err>
</testsuite>
