<?xml version="1.0" encoding="UTF-8"?>
<testsuite name="com.B305.ogym.controller.HealthApiControllerTest" tests="3" skipped="0" failures="0" errors="0" timestamp="2021-08-16T08:59:37" hostname="DESKTOP-H7093P3" time="0.177">
  <properties/>
  <testcase name="내 건강 정보 확인 - 성공" classname="com.B305.ogym.controller.HealthApiControllerTest" time="0.123"/>
  <testcase name="내 건강 정보 확인 - 실패" classname="com.B305.ogym.controller.HealthApiControllerTest" time="0.018"/>
  <testcase name="내 학생들의 건강 정보 확인 - 성공" classname="com.B305.ogym.controller.HealthApiControllerTest" time="0.033"/>
  <system-out><![CDATA[2021-08-16 17:59:35.881  INFO 17104 --- [    Test worker] .b.t.a.w.s.WebMvcTestContextBootstrapper : Neither @ContextConfiguration nor @ContextHierarchy found for test class [com.B305.ogym.controller.HealthApiControllerTest], using SpringBootContextLoader
2021-08-16 17:59:35.882  INFO 17104 --- [    Test worker] o.s.t.c.support.AbstractContextLoader    : Could not detect default resource locations for test class [com.B305.ogym.controller.HealthApiControllerTest]: no resource found for suffixes {-context.xml, Context.groovy}.
2021-08-16 17:59:35.882  INFO 17104 --- [    Test worker] t.c.s.AnnotationConfigContextLoaderUtils : Could not detect default configuration classes for test class [com.B305.ogym.controller.HealthApiControllerTest]: HealthApiControllerTest does not declare any static, non-private, non-final, nested classes annotated with @Configuration.
2021-08-16 17:59:35.886  INFO 17104 --- [    Test worker] .b.t.c.SpringBootTestContextBootstrapper : Found @SpringBootConfiguration com.B305.ogym.OgymApplication for test class com.B305.ogym.controller.HealthApiControllerTest
2021-08-16 17:59:35.886  INFO 17104 --- [    Test worker] .b.t.a.w.s.WebMvcTestContextBootstrapper : Loaded default TestExecutionListener class names from location [META-INF/spring.factories]: [org.springframework.security.test.context.support.WithSecurityContextTestExecutionListener, org.springframework.security.test.context.support.ReactorContextTestExecutionListener, org.springframework.boot.test.autoconfigure.restdocs.RestDocsTestExecutionListener, org.springframework.boot.test.autoconfigure.web.client.MockRestServiceServerResetTestExecutionListener, org.springframework.boot.test.autoconfigure.web.servlet.MockMvcPrintOnlyOnFailureTestExecutionListener, org.springframework.boot.test.autoconfigure.web.servlet.WebDriverTestExecutionListener, org.springframework.boot.test.autoconfigure.webservices.client.MockWebServiceServerTestExecutionListener, org.springframework.boot.test.mock.mockito.MockitoTestExecutionListener, org.springframework.boot.test.mock.mockito.ResetMocksTestExecutionListener, org.springframework.test.context.web.ServletTestExecutionListener, org.springframework.test.context.support.DirtiesContextBeforeModesTestExecutionListener, org.springframework.test.context.event.ApplicationEventsTestExecutionListener, org.springframework.test.context.support.DependencyInjectionTestExecutionListener, org.springframework.test.context.support.DirtiesContextTestExecutionListener, org.springframework.test.context.transaction.TransactionalTestExecutionListener, org.springframework.test.context.jdbc.SqlScriptsTestExecutionListener, org.springframework.test.context.event.EventPublishingTestExecutionListener]
2021-08-16 17:59:35.887  INFO 17104 --- [    Test worker] .b.t.a.w.s.WebMvcTestContextBootstrapper : Using TestExecutionListeners: [org.springframework.test.context.web.ServletTestExecutionListener@1ac40731, org.springframework.test.context.support.DirtiesContextBeforeModesTestExecutionListener@314acb79, org.springframework.test.context.event.ApplicationEventsTestExecutionListener@228ddbea, org.springframework.boot.test.mock.mockito.MockitoTestExecutionListener@74f2883a, org.springframework.boot.test.autoconfigure.SpringBootDependencyInjectionTestExecutionListener@4eb5e41a, org.springframework.test.context.support.DirtiesContextTestExecutionListener@2943ffb6, org.springframework.test.context.transaction.TransactionalTestExecutionListener@655d33ff, org.springframework.test.context.jdbc.SqlScriptsTestExecutionListener@58ec436, org.springframework.security.test.context.support.WithSecurityContextTestExecutionListener@64fa75a9, org.springframework.test.context.event.EventPublishingTestExecutionListener@52f288cf, org.springframework.security.test.context.support.ReactorContextTestExecutionListener@5e3c9ba5, org.springframework.boot.test.autoconfigure.restdocs.RestDocsTestExecutionListener@2d605b20, org.springframework.boot.test.autoconfigure.web.client.MockRestServiceServerResetTestExecutionListener@1a803418, org.springframework.boot.test.autoconfigure.web.servlet.MockMvcPrintOnlyOnFailureTestExecutionListener@5c726377, org.springframework.boot.test.autoconfigure.web.servlet.WebDriverTestExecutionListener@66a92aef, org.springframework.boot.test.autoconfigure.webservices.client.MockWebServiceServerTestExecutionListener@493fd441, org.springframework.boot.test.mock.mockito.ResetMocksTestExecutionListener@5284198a]

  .   ____          _            __ _ _
 /\\ / ___'_ __ _ _(_)_ __  __ _ \ \ \ \
( ( )\___ | '_ | '_| | '_ \/ _` | \ \ \ \
 \\/  ___)| |_)| | | | | || (_| |  ) ) ) )
  '  |____| .__|_| |_|_| |_\__, | / / / /
 =========|_|==============|___/=/_/_/_/
 :: Spring Boot ::                (v2.5.2)

2021-08-16 17:59:35.944  INFO 17104 --- [    Test worker] c.B.o.c.HealthApiControllerTest          : Starting HealthApiControllerTest using Java 11.0.1 on DESKTOP-H7093P3 with PID 17104 (started by juhyu in C:\ssafy-common-sub3\BackEnd)
2021-08-16 17:59:35.945  INFO 17104 --- [    Test worker] c.B.o.c.HealthApiControllerTest          : No active profile set, falling back to default profiles: default
2021-08-16 17:59:36.847  INFO 17104 --- [    Test worker] .s.s.UserDetailsServiceAutoConfiguration : 

Using generated security password: 816c0d56-2333-42ea-bdde-f7afcd43b300

2021-08-16 17:59:37.009  INFO 17104 --- [    Test worker] o.s.s.web.DefaultSecurityFilterChain     : Will secure any request with [org.springframework.security.web.context.request.async.WebAsyncManagerIntegrationFilter@fbecbec, org.springframework.security.web.context.SecurityContextPersistenceFilter@2f8ee486, org.springframework.security.web.header.HeaderWriterFilter@5614a4cf, org.springframework.security.web.csrf.CsrfFilter@6af5ebe8, org.springframework.security.web.authentication.logout.LogoutFilter@216d2815, org.springframework.security.web.authentication.UsernamePasswordAuthenticationFilter@6a0c99dc, org.springframework.security.web.authentication.ui.DefaultLoginPageGeneratingFilter@3f8c5f12, org.springframework.security.web.authentication.ui.DefaultLogoutPageGeneratingFilter@65fd0cde, org.springframework.security.web.authentication.www.BasicAuthenticationFilter@758c5b23, org.springframework.security.web.savedrequest.RequestCacheAwareFilter@6f9e3c26, org.springframework.security.web.servletapi.SecurityContextHolderAwareRequestFilter@1cdfdfc6, org.springframework.security.web.authentication.AnonymousAuthenticationFilter@6b31abc4, org.springframework.security.web.session.SessionManagementFilter@6a61e889, org.springframework.security.web.access.ExceptionTranslationFilter@333e6ddc, org.springframework.security.web.access.intercept.FilterSecurityInterceptor@4b543faa]
2021-08-16 17:59:37.081  INFO 17104 --- [    Test worker] o.s.b.t.m.w.SpringBootMockServletContext : Initializing Spring TestDispatcherServlet ''
2021-08-16 17:59:37.081  INFO 17104 --- [    Test worker] o.s.t.web.servlet.TestDispatcherServlet  : Initializing Servlet ''
2021-08-16 17:59:37.082  INFO 17104 --- [    Test worker] o.s.t.web.servlet.TestDispatcherServlet  : Completed initialization in 1 ms
2021-08-16 17:59:37.103  INFO 17104 --- [    Test worker] c.B.o.c.HealthApiControllerTest          : Started HealthApiControllerTest in 1.213 seconds (JVM running for 7.363)
2021-08-16 17:59:37.124  INFO 17104 --- [    Test worker] o.s.b.t.m.w.SpringBootMockServletContext : Initializing Spring TestDispatcherServlet ''
2021-08-16 17:59:37.125  INFO 17104 --- [    Test worker] o.s.t.web.servlet.TestDispatcherServlet  : Initializing Servlet ''
2021-08-16 17:59:37.125  INFO 17104 --- [    Test worker] o.s.t.web.servlet.TestDispatcherServlet  : Completed initialization in 0 ms

MockHttpServletRequest:
      HTTP Method = GET
      Request URI = /api/health/myhealth
       Parameters = {}
          Headers = [Authorization:"JWT ACCESS TOKEN"]
             Body = null
    Session Attrs = {}

Handler:
             Type = com.B305.ogym.controller.HealthApiController
           Method = com.B305.ogym.controller.HealthApiController#getMyHealth(UserBase)

Async:
    Async started = false
     Async result = null

Resolved Exception:
             Type = null

ModelAndView:
        View name = null
             View = null
            Model = null

FlashMap:
       Attributes = null

MockHttpServletResponse:
           Status = 200
    Error message = null
          Headers = [Content-Type:"application/json;charset=UTF-8"]
     Content type = application/json;charset=UTF-8
             Body = {"statusCode":200,"message":"건강정보 조회에 성공했습니다.","data":{"heightList":[160,160,160,160,160,161],"weightList":[44,43,46,42,43,40]}}
    Forwarded URL = null
   Redirected URL = null
          Cookies = []
2021-08-16 17:59:37.238  INFO 17104 --- [    Test worker] o.s.b.t.m.w.SpringBootMockServletContext : Initializing Spring TestDispatcherServlet ''
2021-08-16 17:59:37.238  INFO 17104 --- [    Test worker] o.s.t.web.servlet.TestDispatcherServlet  : Initializing Servlet ''
2021-08-16 17:59:37.239  INFO 17104 --- [    Test worker] o.s.t.web.servlet.TestDispatcherServlet  : Completed initialization in 1 ms

MockHttpServletRequest:
      HTTP Method = GET
      Request URI = /api/health/myhealth
       Parameters = {}
          Headers = [Authorization:"JWT ACCESS TOKEN"]
             Body = null
    Session Attrs = {}

Handler:
             Type = com.B305.ogym.controller.HealthApiController
           Method = com.B305.ogym.controller.HealthApiController#getMyHealth(UserBase)

Async:
    Async started = false
     Async result = null

Resolved Exception:
             Type = com.B305.ogym.exception.user.UserNotFoundException

ModelAndView:
        View name = null
             View = null
            Model = null

FlashMap:
       Attributes = null

MockHttpServletResponse:
           Status = 404
    Error message = null
          Headers = [Content-Type:"text/plain;charset=UTF-8", Content-Length:"72"]
     Content type = text/plain;charset=UTF-8
             Body = 가입하지 않은 아이디이거나, 잘못된 비밀번호입니다.
    Forwarded URL = null
   Redirected URL = null
          Cookies = []
2021-08-16 17:59:37.257  INFO 17104 --- [    Test worker] o.s.b.t.m.w.SpringBootMockServletContext : Initializing Spring TestDispatcherServlet ''
2021-08-16 17:59:37.257  INFO 17104 --- [    Test worker] o.s.t.web.servlet.TestDispatcherServlet  : Initializing Servlet ''
2021-08-16 17:59:37.258  INFO 17104 --- [    Test worker] o.s.t.web.servlet.TestDispatcherServlet  : Completed initialization in 1 ms

MockHttpServletRequest:
      HTTP Method = GET
      Request URI = /api/health/mystudents
       Parameters = {}
          Headers = [Authorization:"JWT ACCESS TOKEN"]
             Body = null
    Session Attrs = {}

Handler:
             Type = com.B305.ogym.controller.HealthApiController
           Method = com.B305.ogym.controller.HealthApiController#getMyStudentsHealth(UserBase)

Async:
    Async started = false
     Async result = null

Resolved Exception:
             Type = null

ModelAndView:
        View name = null
             View = null
            Model = null

FlashMap:
       Attributes = null

MockHttpServletResponse:
           Status = 200
    Error message = null
          Headers = [Content-Type:"application/json;charset=UTF-8"]
     Content type = application/json;charset=UTF-8
             Body = {"statusCode":200,"message":"건강정보 조회에 성공했습니다.","data":{"studentHealthList":[{"username":"김지우","nickname":"츄","age":21,"gender":"WOMAN","profileUrl":null,"heightList":[160,160,160,160,160,161],"weightList":[44,43,46,42,43,40]}]}}
    Forwarded URL = null
   Redirected URL = null
          Cookies = []
]]></system-out>
  <system-err><![CDATA[]]></system-err>
</testsuite>
