<?xml version="1.0" encoding="UTF-8"?>
<testsuite name="com.B305.ogym.controller.PTApiControllerTest" tests="7" skipped="0" failures="0" errors="0" timestamp="2021-08-13T05:55:06" hostname="DESKTOP-H7093P3" time="0.497">
  <properties/>
  <testcase name="PT 예약하기 - 해당하는 선생님 이메일이 존재하지 않아 실패" classname="com.B305.ogym.controller.PTApiControllerTest" time="0.392"/>
  <testcase name="PT 예약 취소하기 - 요청한 학생이 존재하지 않아 실패" classname="com.B305.ogym.controller.PTApiControllerTest" time="0.012"/>
  <testcase name="PT 예약 취소하기 - 성공" classname="com.B305.ogym.controller.PTApiControllerTest" time="0.032"/>
  <testcase name="PT 예약하기 - 해당하는 학생 이메일이 존재하지 않아 실패" classname="com.B305.ogym.controller.PTApiControllerTest" time="0.013"/>
  <testcase name="PT 예약하기 - 성공" classname="com.B305.ogym.controller.PTApiControllerTest" time="0.012"/>
  <testcase name="PT 예약 취소하기 - 제거 요청한 예약이 존재하지 않아 실패" classname="com.B305.ogym.controller.PTApiControllerTest" time="0.014"/>
  <testcase name="PT 예약 취소하기 - 요청한 트레이너가 존재하지 않아 실패" classname="com.B305.ogym.controller.PTApiControllerTest" time="0.012"/>
  <system-out><![CDATA[14:55:01.235 [Test worker] DEBUG org.springframework.test.context.BootstrapUtils - Instantiating CacheAwareContextLoaderDelegate from class [org.springframework.test.context.cache.DefaultCacheAwareContextLoaderDelegate]
14:55:01.256 [Test worker] DEBUG org.springframework.test.context.BootstrapUtils - Instantiating BootstrapContext using constructor [public org.springframework.test.context.support.DefaultBootstrapContext(java.lang.Class,org.springframework.test.context.CacheAwareContextLoaderDelegate)]
14:55:01.308 [Test worker] DEBUG org.springframework.test.context.BootstrapUtils - Instantiating TestContextBootstrapper for test class [com.B305.ogym.controller.PTApiControllerTest] from class [org.springframework.boot.test.autoconfigure.web.servlet.WebMvcTestContextBootstrapper]
14:55:01.320 [Test worker] INFO org.springframework.boot.test.autoconfigure.web.servlet.WebMvcTestContextBootstrapper - Neither @ContextConfiguration nor @ContextHierarchy found for test class [com.B305.ogym.controller.PTApiControllerTest], using SpringBootContextLoader
14:55:01.325 [Test worker] DEBUG org.springframework.test.context.support.AbstractContextLoader - Did not detect default resource location for test class [com.B305.ogym.controller.PTApiControllerTest]: class path resource [com/B305/ogym/controller/PTApiControllerTest-context.xml] does not exist
14:55:01.326 [Test worker] DEBUG org.springframework.test.context.support.AbstractContextLoader - Did not detect default resource location for test class [com.B305.ogym.controller.PTApiControllerTest]: class path resource [com/B305/ogym/controller/PTApiControllerTestContext.groovy] does not exist
14:55:01.326 [Test worker] INFO org.springframework.test.context.support.AbstractContextLoader - Could not detect default resource locations for test class [com.B305.ogym.controller.PTApiControllerTest]: no resource found for suffixes {-context.xml, Context.groovy}.
14:55:01.327 [Test worker] INFO org.springframework.test.context.support.AnnotationConfigContextLoaderUtils - Could not detect default configuration classes for test class [com.B305.ogym.controller.PTApiControllerTest]: PTApiControllerTest does not declare any static, non-private, non-final, nested classes annotated with @Configuration.
14:55:01.415 [Test worker] DEBUG org.springframework.test.context.support.ActiveProfilesUtils - Could not find an 'annotation declaring class' for annotation type [org.springframework.test.context.ActiveProfiles] and class [com.B305.ogym.controller.PTApiControllerTest]
14:55:01.507 [Test worker] DEBUG org.springframework.context.annotation.ClassPathScanningCandidateComponentProvider - Identified candidate component class: file [C:\ssafy-common-sub3\BackEnd\build\classes\java\main\com\B305\ogym\OgymApplication.class]
14:55:01.509 [Test worker] INFO org.springframework.boot.test.context.SpringBootTestContextBootstrapper - Found @SpringBootConfiguration com.B305.ogym.OgymApplication for test class com.B305.ogym.controller.PTApiControllerTest
14:55:01.512 [Test worker] DEBUG org.springframework.boot.test.autoconfigure.web.servlet.WebMvcTestContextBootstrapper - @TestExecutionListeners is not present for class [com.B305.ogym.controller.PTApiControllerTest]: using defaults.
14:55:01.513 [Test worker] INFO org.springframework.boot.test.autoconfigure.web.servlet.WebMvcTestContextBootstrapper - Loaded default TestExecutionListener class names from location [META-INF/spring.factories]: [org.springframework.security.test.context.support.WithSecurityContextTestExecutionListener, org.springframework.security.test.context.support.ReactorContextTestExecutionListener, org.springframework.boot.test.autoconfigure.restdocs.RestDocsTestExecutionListener, org.springframework.boot.test.autoconfigure.web.client.MockRestServiceServerResetTestExecutionListener, org.springframework.boot.test.autoconfigure.web.servlet.MockMvcPrintOnlyOnFailureTestExecutionListener, org.springframework.boot.test.autoconfigure.web.servlet.WebDriverTestExecutionListener, org.springframework.boot.test.autoconfigure.webservices.client.MockWebServiceServerTestExecutionListener, org.springframework.boot.test.mock.mockito.MockitoTestExecutionListener, org.springframework.boot.test.mock.mockito.ResetMocksTestExecutionListener, org.springframework.test.context.web.ServletTestExecutionListener, org.springframework.test.context.support.DirtiesContextBeforeModesTestExecutionListener, org.springframework.test.context.event.ApplicationEventsTestExecutionListener, org.springframework.test.context.support.DependencyInjectionTestExecutionListener, org.springframework.test.context.support.DirtiesContextTestExecutionListener, org.springframework.test.context.transaction.TransactionalTestExecutionListener, org.springframework.test.context.jdbc.SqlScriptsTestExecutionListener, org.springframework.test.context.event.EventPublishingTestExecutionListener]
14:55:01.535 [Test worker] INFO org.springframework.boot.test.autoconfigure.web.servlet.WebMvcTestContextBootstrapper - Using TestExecutionListeners: [org.springframework.test.context.web.ServletTestExecutionListener@59ec8dd0, org.springframework.test.context.support.DirtiesContextBeforeModesTestExecutionListener@3f4b8b6e, org.springframework.test.context.event.ApplicationEventsTestExecutionListener@2ccaebde, org.springframework.boot.test.mock.mockito.MockitoTestExecutionListener@73789bfc, org.springframework.boot.test.autoconfigure.SpringBootDependencyInjectionTestExecutionListener@4ec71a4e, org.springframework.test.context.support.DirtiesContextTestExecutionListener@2d34f803, org.springframework.test.context.transaction.TransactionalTestExecutionListener@565b6260, org.springframework.test.context.jdbc.SqlScriptsTestExecutionListener@614bb42c, org.springframework.security.test.context.support.WithSecurityContextTestExecutionListener@1728d721, org.springframework.test.context.event.EventPublishingTestExecutionListener@1dd6d127, org.springframework.security.test.context.support.ReactorContextTestExecutionListener@1013e89f, org.springframework.boot.test.autoconfigure.restdocs.RestDocsTestExecutionListener@2c45d465, org.springframework.boot.test.autoconfigure.web.client.MockRestServiceServerResetTestExecutionListener@7d058f13, org.springframework.boot.test.autoconfigure.web.servlet.MockMvcPrintOnlyOnFailureTestExecutionListener@5671367d, org.springframework.boot.test.autoconfigure.web.servlet.WebDriverTestExecutionListener@59a97b3c, org.springframework.boot.test.autoconfigure.webservices.client.MockWebServiceServerTestExecutionListener@5bcd7a90, org.springframework.boot.test.mock.mockito.ResetMocksTestExecutionListener@ae11bed]
14:55:01.540 [Test worker] DEBUG org.springframework.test.context.support.AbstractDirtiesContextTestExecutionListener - Before test class: context [DefaultTestContext@43772a7e testClass = PTApiControllerTest, testInstance = [null], testMethod = [null], testException = [null], mergedContextConfiguration = [WebMergedContextConfiguration@4aab03e3 testClass = PTApiControllerTest, locations = '{}', classes = '{class com.B305.ogym.OgymApplication}', contextInitializerClasses = '[]', activeProfiles = '{}', propertySourceLocations = '{}', propertySourceProperties = '{org.springframework.boot.test.autoconfigure.web.servlet.WebMvcTestContextBootstrapper=true}', contextCustomizers = set[org.springframework.boot.test.autoconfigure.OverrideAutoConfigurationContextCustomizerFactory$DisableAutoConfigurationContextCustomizer@49ca27e2, org.springframework.boot.test.autoconfigure.actuate.metrics.MetricsExportContextCustomizerFactory$DisableMetricExportContextCustomizer@1b2d31b7, org.springframework.boot.test.autoconfigure.filter.TypeExcludeFiltersContextCustomizer@143f4b0, org.springframework.boot.test.autoconfigure.properties.PropertyMappingContextCustomizer@49dcc75, org.springframework.boot.test.autoconfigure.web.servlet.WebDriverContextCustomizerFactory$Customizer@3d29aa05, [ImportsContextCustomizer@159eb283 key = [org.springframework.boot.autoconfigure.cache.CacheAutoConfiguration, org.springframework.boot.autoconfigure.context.MessageSourceAutoConfiguration, org.springframework.boot.autoconfigure.data.web.SpringDataWebAutoConfiguration, org.springframework.boot.autoconfigure.freemarker.FreeMarkerAutoConfiguration, org.springframework.boot.autoconfigure.groovy.template.GroovyTemplateAutoConfiguration, org.springframework.boot.autoconfigure.gson.GsonAutoConfiguration, org.springframework.boot.autoconfigure.hateoas.HypermediaAutoConfiguration, org.springframework.boot.autoconfigure.http.HttpMessageConvertersAutoConfiguration, org.springframework.boot.autoconfigure.jackson.JacksonAutoConfiguration, org.springframework.boot.autoconfigure.jsonb.JsonbAutoConfiguration, org.springframework.boot.autoconfigure.mustache.MustacheAutoConfiguration, org.springframework.boot.autoconfigure.task.TaskExecutionAutoConfiguration, org.springframework.boot.autoconfigure.thymeleaf.ThymeleafAutoConfiguration, org.springframework.boot.autoconfigure.validation.ValidationAutoConfiguration, org.springframework.boot.autoconfigure.web.servlet.error.ErrorMvcAutoConfiguration, org.springframework.boot.autoconfigure.web.servlet.HttpEncodingAutoConfiguration, org.springframework.boot.autoconfigure.web.servlet.WebMvcAutoConfiguration, org.springframework.boot.test.autoconfigure.web.servlet.MockMvcAutoConfiguration, org.springframework.boot.test.autoconfigure.web.servlet.MockMvcWebClientAutoConfiguration, org.springframework.boot.test.autoconfigure.web.servlet.MockMvcWebDriverAutoConfiguration, org.springframework.boot.autoconfigure.security.oauth2.client.servlet.OAuth2ClientAutoConfiguration, org.springframework.boot.autoconfigure.security.oauth2.resource.servlet.OAuth2ResourceServerAutoConfiguration, org.springframework.boot.autoconfigure.security.servlet.SecurityAutoConfiguration, org.springframework.boot.autoconfigure.security.servlet.SecurityFilterAutoConfiguration, org.springframework.boot.autoconfigure.security.servlet.UserDetailsServiceAutoConfiguration, org.springframework.boot.test.autoconfigure.web.servlet.MockMvcSecurityConfiguration]], org.springframework.boot.test.context.filter.ExcludeFilterContextCustomizer@4bc2a025, org.springframework.boot.test.json.DuplicateJsonObjectContextCustomizerFactory$DuplicateJsonObjectContextCustomizer@22ee8ab0, org.springframework.boot.test.mock.mockito.MockitoContextCustomizer@9e1ab31, org.springframework.boot.test.context.SpringBootTestArgs@1, org.springframework.boot.test.context.SpringBootTestWebEnvironment@0], resourceBasePath = 'src/main/webapp', contextLoader = 'org.springframework.boot.test.context.SpringBootContextLoader', parent = [null]], attributes = map[[empty]]], class annotated with @DirtiesContext [false] with mode [null].
14:55:01.587 [Test worker] DEBUG org.springframework.test.context.support.TestPropertySourceUtils - Adding inlined properties to environment: {spring.jmx.enabled=false, org.springframework.boot.test.autoconfigure.web.servlet.WebMvcTestContextBootstrapper=true}

  .   ____          _            __ _ _
 /\\ / ___'_ __ _ _(_)_ __  __ _ \ \ \ \
( ( )\___ | '_ | '_| | '_ \/ _` | \ \ \ \
 \\/  ___)| |_)| | | | | || (_| |  ) ) ) )
  '  |____| .__|_| |_|_| |_\__, | / / / /
 =========|_|==============|___/=/_/_/_/
 :: Spring Boot ::                (v2.5.2)

2021-08-13 14:55:02.108  INFO 17384 --- [    Test worker] c.B.ogym.controller.PTApiControllerTest  : Starting PTApiControllerTest using Java 11.0.1 on DESKTOP-H7093P3 with PID 17384 (started by juhyu in C:\ssafy-common-sub3\BackEnd)
2021-08-13 14:55:02.112  INFO 17384 --- [    Test worker] c.B.ogym.controller.PTApiControllerTest  : No active profile set, falling back to default profiles: default
2021-08-13 14:55:06.001  INFO 17384 --- [    Test worker] .s.s.UserDetailsServiceAutoConfiguration : 

Using generated security password: 4ffc1fe5-b838-4628-ba5d-0a490a408f17

2021-08-13 14:55:06.311  INFO 17384 --- [    Test worker] o.s.s.web.DefaultSecurityFilterChain     : Will secure any request with [org.springframework.security.web.context.request.async.WebAsyncManagerIntegrationFilter@2939bac1, org.springframework.security.web.context.SecurityContextPersistenceFilter@7bccf046, org.springframework.security.web.header.HeaderWriterFilter@7665c897, org.springframework.security.web.csrf.CsrfFilter@69a06fa5, org.springframework.security.web.authentication.logout.LogoutFilter@3835692d, org.springframework.security.web.authentication.UsernamePasswordAuthenticationFilter@6d0c2e73, org.springframework.security.web.authentication.ui.DefaultLoginPageGeneratingFilter@136040a6, org.springframework.security.web.authentication.ui.DefaultLogoutPageGeneratingFilter@4b52371, org.springframework.security.web.authentication.www.BasicAuthenticationFilter@dd1d71d, org.springframework.security.web.savedrequest.RequestCacheAwareFilter@70c41570, org.springframework.security.web.servletapi.SecurityContextHolderAwareRequestFilter@214a5bf8, org.springframework.security.web.authentication.AnonymousAuthenticationFilter@7df75c5, org.springframework.security.web.session.SessionManagementFilter@1a73d9da, org.springframework.security.web.access.ExceptionTranslationFilter@6ad517c9, org.springframework.security.web.access.intercept.FilterSecurityInterceptor@23cc7cb7]
2021-08-13 14:55:06.446  INFO 17384 --- [    Test worker] o.s.b.t.m.w.SpringBootMockServletContext : Initializing Spring TestDispatcherServlet ''
2021-08-13 14:55:06.446  INFO 17384 --- [    Test worker] o.s.t.web.servlet.TestDispatcherServlet  : Initializing Servlet ''
2021-08-13 14:55:06.448  INFO 17384 --- [    Test worker] o.s.t.web.servlet.TestDispatcherServlet  : Completed initialization in 1 ms
2021-08-13 14:55:06.486  INFO 17384 --- [    Test worker] c.B.ogym.controller.PTApiControllerTest  : Started PTApiControllerTest in 4.889 seconds (JVM running for 6.386)
2021-08-13 14:55:06.563  INFO 17384 --- [    Test worker] o.s.b.t.m.w.SpringBootMockServletContext : Initializing Spring TestDispatcherServlet ''
2021-08-13 14:55:06.563  INFO 17384 --- [    Test worker] o.s.t.web.servlet.TestDispatcherServlet  : Initializing Servlet ''
2021-08-13 14:55:06.564  INFO 17384 --- [    Test worker] o.s.t.web.servlet.TestDispatcherServlet  : Completed initialization in 1 ms

MockHttpServletRequest:
      HTTP Method = POST
      Request URI = /api/pt/reservation
       Parameters = {}
          Headers = [Content-Type:"application/json;charset=UTF-8", Content-Length:"61"]
             Body = {"ptTeacherEmail":"teacher@naver.com","reservationTime":null}
    Session Attrs = {}

Handler:
             Type = com.B305.ogym.controller.PTApiController
           Method = com.B305.ogym.controller.PTApiController#makeReservation(UserBase, reservationRequest)

Async:
    Async started = false
     Async result = null

Resolved Exception:
             Type = com.B305.ogym.exception.user.UserNotFoundException

ModelAndView:
        View name = null
             View = null
            Model = null

FlashMap:
       Attributes = null

MockHttpServletResponse:
           Status = 404
    Error message = null
          Headers = [Content-Type:"text/plain;charset=UTF-8", Content-Length:"72"]
     Content type = text/plain;charset=UTF-8
             Body = 가입하지 않은 아이디이거나, 잘못된 비밀번호입니다.
    Forwarded URL = null
   Redirected URL = null
          Cookies = []
2021-08-13 14:55:06.894  INFO 17384 --- [    Test worker] o.s.b.t.m.w.SpringBootMockServletContext : Initializing Spring TestDispatcherServlet ''
2021-08-13 14:55:06.894  INFO 17384 --- [    Test worker] o.s.t.web.servlet.TestDispatcherServlet  : Initializing Servlet ''
2021-08-13 14:55:06.895  INFO 17384 --- [    Test worker] o.s.t.web.servlet.TestDispatcherServlet  : Completed initialization in 1 ms

MockHttpServletRequest:
      HTTP Method = DELETE
      Request URI = /api/pt/reservation
       Parameters = {}
          Headers = [Content-Type:"application/json;charset=UTF-8", Content-Length:"61"]
             Body = {"ptTeacherEmail":"teacher@naver.com","reservationTime":null}
    Session Attrs = {}

Handler:
             Type = com.B305.ogym.controller.PTApiController
           Method = com.B305.ogym.controller.PTApiController#cancelReservation(UserBase, reservationRequest)

Async:
    Async started = false
     Async result = null

Resolved Exception:
             Type = com.B305.ogym.exception.user.UserNotFoundException

ModelAndView:
        View name = null
             View = null
            Model = null

FlashMap:
       Attributes = null

MockHttpServletResponse:
           Status = 404
    Error message = null
          Headers = [Content-Type:"text/plain;charset=UTF-8", Content-Length:"72"]
     Content type = text/plain;charset=UTF-8
             Body = 가입하지 않은 아이디이거나, 잘못된 비밀번호입니다.
    Forwarded URL = null
   Redirected URL = null
          Cookies = []
2021-08-13 14:55:06.908  INFO 17384 --- [    Test worker] o.s.b.t.m.w.SpringBootMockServletContext : Initializing Spring TestDispatcherServlet ''
2021-08-13 14:55:06.909  INFO 17384 --- [    Test worker] o.s.t.web.servlet.TestDispatcherServlet  : Initializing Servlet ''
2021-08-13 14:55:06.909  INFO 17384 --- [    Test worker] o.s.t.web.servlet.TestDispatcherServlet  : Completed initialization in 0 ms

MockHttpServletRequest:
      HTTP Method = DELETE
      Request URI = /api/pt/reservation
       Parameters = {}
          Headers = [Content-Type:"application/json;charset=UTF-8", Content-Length:"61"]
             Body = {"ptTeacherEmail":"teacher@naver.com","reservationTime":null}
    Session Attrs = {}

Handler:
             Type = com.B305.ogym.controller.PTApiController
           Method = com.B305.ogym.controller.PTApiController#cancelReservation(UserBase, reservationRequest)

Async:
    Async started = false
     Async result = null

Resolved Exception:
             Type = null

ModelAndView:
        View name = null
             View = null
            Model = null

FlashMap:
       Attributes = null

MockHttpServletResponse:
           Status = 200
    Error message = null
          Headers = [Content-Type:"application/json;charset=UTF-8"]
     Content type = application/json;charset=UTF-8
             Body = {"statusCode":200,"message":"PT 삭제에 성공했습니다.","data":{}}
    Forwarded URL = null
   Redirected URL = null
          Cookies = []
2021-08-13 14:55:06.942  INFO 17384 --- [    Test worker] o.s.b.t.m.w.SpringBootMockServletContext : Initializing Spring TestDispatcherServlet ''
2021-08-13 14:55:06.943  INFO 17384 --- [    Test worker] o.s.t.web.servlet.TestDispatcherServlet  : Initializing Servlet ''
2021-08-13 14:55:06.943  INFO 17384 --- [    Test worker] o.s.t.web.servlet.TestDispatcherServlet  : Completed initialization in 0 ms

MockHttpServletRequest:
      HTTP Method = POST
      Request URI = /api/pt/reservation
       Parameters = {}
          Headers = [Content-Type:"application/json;charset=UTF-8", Content-Length:"61"]
             Body = {"ptTeacherEmail":"teacher@naver.com","reservationTime":null}
    Session Attrs = {}

Handler:
             Type = com.B305.ogym.controller.PTApiController
           Method = com.B305.ogym.controller.PTApiController#makeReservation(UserBase, reservationRequest)

Async:
    Async started = false
     Async result = null

Resolved Exception:
             Type = com.B305.ogym.exception.user.UserNotFoundException

ModelAndView:
        View name = null
             View = null
            Model = null

FlashMap:
       Attributes = null

MockHttpServletResponse:
           Status = 404
    Error message = null
          Headers = [Content-Type:"text/plain;charset=UTF-8", Content-Length:"72"]
     Content type = text/plain;charset=UTF-8
             Body = 가입하지 않은 아이디이거나, 잘못된 비밀번호입니다.
    Forwarded URL = null
   Redirected URL = null
          Cookies = []
2021-08-13 14:55:06.956  INFO 17384 --- [    Test worker] o.s.b.t.m.w.SpringBootMockServletContext : Initializing Spring TestDispatcherServlet ''
2021-08-13 14:55:06.956  INFO 17384 --- [    Test worker] o.s.t.web.servlet.TestDispatcherServlet  : Initializing Servlet ''
2021-08-13 14:55:06.957  INFO 17384 --- [    Test worker] o.s.t.web.servlet.TestDispatcherServlet  : Completed initialization in 0 ms

MockHttpServletRequest:
      HTTP Method = POST
      Request URI = /api/pt/reservation
       Parameters = {}
          Headers = [Content-Type:"application/json;charset=UTF-8", Content-Length:"61"]
             Body = {"ptTeacherEmail":"teacher@naver.com","reservationTime":null}
    Session Attrs = {}

Handler:
             Type = com.B305.ogym.controller.PTApiController
           Method = com.B305.ogym.controller.PTApiController#makeReservation(UserBase, reservationRequest)

Async:
    Async started = false
     Async result = null

Resolved Exception:
             Type = null

ModelAndView:
        View name = null
             View = null
            Model = null

FlashMap:
       Attributes = null

MockHttpServletResponse:
           Status = 201
    Error message = null
          Headers = [Content-Type:"application/json;charset=UTF-8"]
     Content type = application/json;charset=UTF-8
             Body = {"statusCode":201,"message":"PT예약에 성공하였습니다.","data":{}}
    Forwarded URL = null
   Redirected URL = null
          Cookies = []
2021-08-13 14:55:06.970  INFO 17384 --- [    Test worker] o.s.b.t.m.w.SpringBootMockServletContext : Initializing Spring TestDispatcherServlet ''
2021-08-13 14:55:06.970  INFO 17384 --- [    Test worker] o.s.t.web.servlet.TestDispatcherServlet  : Initializing Servlet ''
2021-08-13 14:55:06.971  INFO 17384 --- [    Test worker] o.s.t.web.servlet.TestDispatcherServlet  : Completed initialization in 1 ms

MockHttpServletRequest:
      HTTP Method = DELETE
      Request URI = /api/pt/reservation
       Parameters = {}
          Headers = [Content-Type:"application/json;charset=UTF-8", Content-Length:"61"]
             Body = {"ptTeacherEmail":"teacher@naver.com","reservationTime":null}
    Session Attrs = {}

Handler:
             Type = com.B305.ogym.controller.PTApiController
           Method = com.B305.ogym.controller.PTApiController#cancelReservation(UserBase, reservationRequest)

Async:
    Async started = false
     Async result = null

Resolved Exception:
             Type = com.B305.ogym.exception.user.UserNotFoundException

ModelAndView:
        View name = null
             View = null
            Model = null

FlashMap:
       Attributes = null

MockHttpServletResponse:
           Status = 404
    Error message = null
          Headers = [Content-Type:"text/plain;charset=UTF-8", Content-Length:"72"]
     Content type = text/plain;charset=UTF-8
             Body = 가입하지 않은 아이디이거나, 잘못된 비밀번호입니다.
    Forwarded URL = null
   Redirected URL = null
          Cookies = []
2021-08-13 14:55:06.985  INFO 17384 --- [    Test worker] o.s.b.t.m.w.SpringBootMockServletContext : Initializing Spring TestDispatcherServlet ''
2021-08-13 14:55:06.985  INFO 17384 --- [    Test worker] o.s.t.web.servlet.TestDispatcherServlet  : Initializing Servlet ''
2021-08-13 14:55:06.986  INFO 17384 --- [    Test worker] o.s.t.web.servlet.TestDispatcherServlet  : Completed initialization in 1 ms

MockHttpServletRequest:
      HTTP Method = DELETE
      Request URI = /api/pt/reservation
       Parameters = {}
          Headers = [Content-Type:"application/json;charset=UTF-8", Content-Length:"61"]
             Body = {"ptTeacherEmail":"teacher@naver.com","reservationTime":null}
    Session Attrs = {}

Handler:
             Type = com.B305.ogym.controller.PTApiController
           Method = com.B305.ogym.controller.PTApiController#cancelReservation(UserBase, reservationRequest)

Async:
    Async started = false
     Async result = null

Resolved Exception:
             Type = com.B305.ogym.exception.user.UserNotFoundException

ModelAndView:
        View name = null
             View = null
            Model = null

FlashMap:
       Attributes = null

MockHttpServletResponse:
           Status = 404
    Error message = null
          Headers = [Content-Type:"text/plain;charset=UTF-8", Content-Length:"72"]
     Content type = text/plain;charset=UTF-8
             Body = 가입하지 않은 아이디이거나, 잘못된 비밀번호입니다.
    Forwarded URL = null
   Redirected URL = null
          Cookies = []
]]></system-out>
  <system-err><![CDATA[]]></system-err>
</testsuite>
