<?xml version="1.0" encoding="UTF-8"?>
<testsuite name="com.B305.ogym.controller.TestApiControllerTest" tests="1" skipped="0" failures="0" errors="0" timestamp="2021-08-13T07:33:07" hostname="DESKTOP-H7093P3" time="0.061">
  <properties/>
  <testcase name="단위테스트 예제" classname="com.B305.ogym.controller.TestApiControllerTest" time="0.061"/>
  <system-out><![CDATA[2021-08-13 16:33:07.426  INFO 15644 --- [    Test worker] o.s.mock.web.MockServletContext          : Initializing Spring TestDispatcherServlet ''
2021-08-13 16:33:07.426  INFO 15644 --- [    Test worker] o.s.t.web.servlet.TestDispatcherServlet  : Initializing Servlet ''
2021-08-13 16:33:07.427  INFO 15644 --- [    Test worker] o.s.t.web.servlet.TestDispatcherServlet  : Completed initialization in 1 ms
]]></system-out>
  <system-err><![CDATA[]]></system-err>
</testsuite>
