<?xml version="1.0" encoding="UTF-8"?>
<testsuite name="com.B305.ogym.controller.TestApiControllerTest" tests="1" skipped="0" failures="0" errors="0" timestamp="2021-08-12T12:32:03" hostname="DESKTOP-H7093P3" time="0.056">
  <properties/>
  <testcase name="단위테스트 예제" classname="com.B305.ogym.controller.TestApiControllerTest" time="0.056"/>
  <system-out><![CDATA[2021-08-12 21:32:03.533  INFO 25836 --- [    Test worker] o.s.mock.web.MockServletContext          : Initializing Spring TestDispatcherServlet ''
2021-08-12 21:32:03.533  INFO 25836 --- [    Test worker] o.s.t.web.servlet.TestDispatcherServlet  : Initializing Servlet ''
2021-08-12 21:32:03.533  INFO 25836 --- [    Test worker] o.s.t.web.servlet.TestDispatcherServlet  : Completed initialization in 0 ms
]]></system-out>
  <system-err><![CDATA[]]></system-err>
</testsuite>
