<?xml version="1.0" encoding="UTF-8"?>
<testsuite name="com.B305.ogym.controller.UserApiControllerTest" tests="10" skipped="0" failures="0" errors="0" timestamp="2021-08-13T10:13:01" hostname="DESKTOP-H7093P3" time="0.476">
  <properties/>
  <testcase name="회원 정보조회 - 이메일이 존재하지 않아 정보조회 실패" classname="com.B305.ogym.controller.UserApiControllerTest" time="0.067"/>
  <testcase name="유저 회원가입 - 닉네임 중복으로 인한 회원가입 실패" classname="com.B305.ogym.controller.UserApiControllerTest" time="0.147"/>
  <testcase name="유저 회원가입 - 이메일 중복으로 인한 회원가입 실패" classname="com.B305.ogym.controller.UserApiControllerTest" time="0.029"/>
  <testcase name="학생 회원탈퇴 - 회원탈퇴 성공" classname="com.B305.ogym.controller.UserApiControllerTest" time="0.028"/>
  <testcase name="학생 회원가입 - 모든 유효성 검사에 통과했다면 회원가입 성공" classname="com.B305.ogym.controller.UserApiControllerTest" time="0.069"/>
  <testcase name="학생 회원탈퇴 - 존재하지 않는 이메일로 인한 회원탈퇴 실패(이미 탈퇴한 회원)" classname="com.B305.ogym.controller.UserApiControllerTest" time="0.019"/>
  <testcase name="선생님 회원탈퇴 - 회원탈퇴 성공" classname="com.B305.ogym.controller.UserApiControllerTest" time="0.024"/>
  <testcase name="선생님 회원가입 - 모든 유효성 검사에 통과했다면 회원가입 성공" classname="com.B305.ogym.controller.UserApiControllerTest" time="0.036"/>
  <testcase name="학생 회원탈퇴 - 존재하지 않는 이메일로 인한 회원탈퇴 실패(이미 탈퇴한 회원)" classname="com.B305.ogym.controller.UserApiControllerTest" time="0.022"/>
  <testcase name="회원 정보조회 - 정보조회 성공" classname="com.B305.ogym.controller.UserApiControllerTest" time="0.025"/>
  <system-out><![CDATA[2021-08-13 19:13:00.352  INFO 27496 --- [    Test worker] .b.t.a.w.s.WebMvcTestContextBootstrapper : Neither @ContextConfiguration nor @ContextHierarchy found for test class [com.B305.ogym.controller.UserApiControllerTest], using SpringBootContextLoader
2021-08-13 19:13:00.353  INFO 27496 --- [    Test worker] o.s.t.c.support.AbstractContextLoader    : Could not detect default resource locations for test class [com.B305.ogym.controller.UserApiControllerTest]: no resource found for suffixes {-context.xml, Context.groovy}.
2021-08-13 19:13:00.353  INFO 27496 --- [    Test worker] t.c.s.AnnotationConfigContextLoaderUtils : Could not detect default configuration classes for test class [com.B305.ogym.controller.UserApiControllerTest]: UserApiControllerTest does not declare any static, non-private, non-final, nested classes annotated with @Configuration.
2021-08-13 19:13:00.357  INFO 27496 --- [    Test worker] .b.t.c.SpringBootTestContextBootstrapper : Found @SpringBootConfiguration com.B305.ogym.OgymApplication for test class com.B305.ogym.controller.UserApiControllerTest
2021-08-13 19:13:00.358  INFO 27496 --- [    Test worker] .b.t.a.w.s.WebMvcTestContextBootstrapper : Loaded default TestExecutionListener class names from location [META-INF/spring.factories]: [org.springframework.security.test.context.support.WithSecurityContextTestExecutionListener, org.springframework.security.test.context.support.ReactorContextTestExecutionListener, org.springframework.boot.test.autoconfigure.restdocs.RestDocsTestExecutionListener, org.springframework.boot.test.autoconfigure.web.client.MockRestServiceServerResetTestExecutionListener, org.springframework.boot.test.autoconfigure.web.servlet.MockMvcPrintOnlyOnFailureTestExecutionListener, org.springframework.boot.test.autoconfigure.web.servlet.WebDriverTestExecutionListener, org.springframework.boot.test.autoconfigure.webservices.client.MockWebServiceServerTestExecutionListener, org.springframework.boot.test.mock.mockito.MockitoTestExecutionListener, org.springframework.boot.test.mock.mockito.ResetMocksTestExecutionListener, org.springframework.test.context.web.ServletTestExecutionListener, org.springframework.test.context.support.DirtiesContextBeforeModesTestExecutionListener, org.springframework.test.context.event.ApplicationEventsTestExecutionListener, org.springframework.test.context.support.DependencyInjectionTestExecutionListener, org.springframework.test.context.support.DirtiesContextTestExecutionListener, org.springframework.test.context.transaction.TransactionalTestExecutionListener, org.springframework.test.context.jdbc.SqlScriptsTestExecutionListener, org.springframework.test.context.event.EventPublishingTestExecutionListener]
2021-08-13 19:13:00.359  INFO 27496 --- [    Test worker] .b.t.a.w.s.WebMvcTestContextBootstrapper : Using TestExecutionListeners: [org.springframework.test.context.web.ServletTestExecutionListener@45f9bd95, org.springframework.test.context.support.DirtiesContextBeforeModesTestExecutionListener@270f5f27, org.springframework.test.context.event.ApplicationEventsTestExecutionListener@239533e9, org.springframework.boot.test.mock.mockito.MockitoTestExecutionListener@51b52565, org.springframework.boot.test.autoconfigure.SpringBootDependencyInjectionTestExecutionListener@59a83fd3, org.springframework.test.context.support.DirtiesContextTestExecutionListener@403b5a6, org.springframework.test.context.transaction.TransactionalTestExecutionListener@e83d4b4, org.springframework.test.context.jdbc.SqlScriptsTestExecutionListener@7665460c, org.springframework.security.test.context.support.WithSecurityContextTestExecutionListener@6eabb9b4, org.springframework.test.context.event.EventPublishingTestExecutionListener@779c8f42, org.springframework.security.test.context.support.ReactorContextTestExecutionListener@67aad371, org.springframework.boot.test.autoconfigure.restdocs.RestDocsTestExecutionListener@3ba3acae, org.springframework.boot.test.autoconfigure.web.client.MockRestServiceServerResetTestExecutionListener@876d477, org.springframework.boot.test.autoconfigure.web.servlet.MockMvcPrintOnlyOnFailureTestExecutionListener@1b03bca4, org.springframework.boot.test.autoconfigure.web.servlet.WebDriverTestExecutionListener@2a03d5ee, org.springframework.boot.test.autoconfigure.webservices.client.MockWebServiceServerTestExecutionListener@ce3cadc, org.springframework.boot.test.mock.mockito.ResetMocksTestExecutionListener@3208725b]

  .   ____          _            __ _ _
 /\\ / ___'_ __ _ _(_)_ __  __ _ \ \ \ \
( ( )\___ | '_ | '_| | '_ \/ _` | \ \ \ \
 \\/  ___)| |_)| | | | | || (_| |  ) ) ) )
  '  |____| .__|_| |_|_| |_\__, | / / / /
 =========|_|==============|___/=/_/_/_/
 :: Spring Boot ::                (v2.5.2)

2021-08-13 19:13:00.392  INFO 27496 --- [    Test worker] c.B.o.controller.UserApiControllerTest   : Starting UserApiControllerTest using Java 11.0.1 on DESKTOP-H7093P3 with PID 27496 (started by juhyu in C:\ssafy-common-sub3\BackEnd)
2021-08-13 19:13:00.393  INFO 27496 --- [    Test worker] c.B.o.controller.UserApiControllerTest   : No active profile set, falling back to default profiles: default
2021-08-13 19:13:01.143  INFO 27496 --- [    Test worker] .s.s.UserDetailsServiceAutoConfiguration : 

Using generated security password: ff5bf83f-1b22-4e95-8cb9-3395399820a0

2021-08-13 19:13:01.300  INFO 27496 --- [    Test worker] o.s.s.web.DefaultSecurityFilterChain     : Will secure any request with [org.springframework.security.web.context.request.async.WebAsyncManagerIntegrationFilter@3daa3c62, org.springframework.security.web.context.SecurityContextPersistenceFilter@384468a3, org.springframework.security.web.header.HeaderWriterFilter@bc56f61, org.springframework.security.web.csrf.CsrfFilter@74f0fb85, org.springframework.security.web.authentication.logout.LogoutFilter@45b91084, org.springframework.security.web.authentication.UsernamePasswordAuthenticationFilter@302cf89d, org.springframework.security.web.authentication.ui.DefaultLoginPageGeneratingFilter@70f7a9b, org.springframework.security.web.authentication.ui.DefaultLogoutPageGeneratingFilter@3158e49e, org.springframework.security.web.authentication.www.BasicAuthenticationFilter@76aaa257, org.springframework.security.web.savedrequest.RequestCacheAwareFilter@69c5663e, org.springframework.security.web.servletapi.SecurityContextHolderAwareRequestFilter@49dbb200, org.springframework.security.web.authentication.AnonymousAuthenticationFilter@66e71a38, org.springframework.security.web.session.SessionManagementFilter@4b1b9e96, org.springframework.security.web.access.ExceptionTranslationFilter@41ab94c, org.springframework.security.web.access.intercept.FilterSecurityInterceptor@27f56168]
2021-08-13 19:13:01.360  INFO 27496 --- [    Test worker] o.s.b.t.m.w.SpringBootMockServletContext : Initializing Spring TestDispatcherServlet ''
2021-08-13 19:13:01.360  INFO 27496 --- [    Test worker] o.s.t.web.servlet.TestDispatcherServlet  : Initializing Servlet ''
2021-08-13 19:13:01.361  INFO 27496 --- [    Test worker] o.s.t.web.servlet.TestDispatcherServlet  : Completed initialization in 1 ms
2021-08-13 19:13:01.377  INFO 27496 --- [    Test worker] c.B.o.controller.UserApiControllerTest   : Started UserApiControllerTest in 1.015 seconds (JVM running for 8.356)
2021-08-13 19:13:01.385  INFO 27496 --- [    Test worker] o.s.b.t.m.w.SpringBootMockServletContext : Initializing Spring TestDispatcherServlet ''
2021-08-13 19:13:01.385  INFO 27496 --- [    Test worker] o.s.t.web.servlet.TestDispatcherServlet  : Initializing Servlet ''
2021-08-13 19:13:01.386  INFO 27496 --- [    Test worker] o.s.t.web.servlet.TestDispatcherServlet  : Completed initialization in 1 ms

MockHttpServletRequest:
      HTTP Method = GET
      Request URI = /api/user/id,email
       Parameters = {}
          Headers = [Authorization:"overStringLength7"]
             Body = null
    Session Attrs = {}

Handler:
             Type = com.B305.ogym.controller.UserApiController
           Method = com.B305.ogym.controller.UserApiController#getUserInfo(UserBase, List)

Async:
    Async started = false
     Async result = null

Resolved Exception:
             Type = com.B305.ogym.exception.user.UserNotFoundException

ModelAndView:
        View name = null
             View = null
            Model = null

FlashMap:
       Attributes = null

MockHttpServletResponse:
           Status = 404
    Error message = null
          Headers = [Content-Type:"text/plain;charset=UTF-8", Content-Length:"72"]
     Content type = text/plain;charset=UTF-8
             Body = 가입하지 않은 아이디이거나, 잘못된 비밀번호입니다.
    Forwarded URL = null
   Redirected URL = null
          Cookies = []
2021-08-13 19:13:01.452  INFO 27496 --- [    Test worker] o.s.b.t.m.w.SpringBootMockServletContext : Initializing Spring TestDispatcherServlet ''
2021-08-13 19:13:01.452  INFO 27496 --- [    Test worker] o.s.t.web.servlet.TestDispatcherServlet  : Initializing Servlet ''
2021-08-13 19:13:01.452  INFO 27496 --- [    Test worker] o.s.t.web.servlet.TestDispatcherServlet  : Completed initialization in 0 ms

MockHttpServletRequest:
      HTTP Method = POST
      Request URI = /api/user
       Parameters = {}
          Headers = [Content-Type:"application/json;charset=UTF-8", Content-Length:"361"]
             Body = {"email":"hello@naver.com","password":"asdasd","username":"juhu","age":20,"nickname":"juhu","gender":0,"tel":"010-0000-0000","zipCode":"12345","street":"road 17","detailedAddress":"juhu","role":"ROLE_PTTEACHER","monthlyHeights":null,"monthlyWeights":null,"major":"재활","certificates":[],"careers":[],"price":1000,"description":"트레이너","snsAddrs":null}
    Session Attrs = {}

Handler:
             Type = com.B305.ogym.controller.UserApiController
           Method = com.B305.ogym.controller.UserApiController#signup(SaveUserRequest)

Async:
    Async started = false
     Async result = null

Resolved Exception:
             Type = com.B305.ogym.exception.user.UserDuplicateNicknameException

ModelAndView:
        View name = null
             View = null
            Model = null

FlashMap:
       Attributes = null

MockHttpServletResponse:
           Status = 409
    Error message = null
          Headers = [Content-Type:"text/plain;charset=UTF-8", Content-Length:"29"]
     Content type = text/plain;charset=UTF-8
             Body = 중복된 닉네임입니다.
    Forwarded URL = null
   Redirected URL = null
          Cookies = []
2021-08-13 19:13:01.599  INFO 27496 --- [    Test worker] o.s.b.t.m.w.SpringBootMockServletContext : Initializing Spring TestDispatcherServlet ''
2021-08-13 19:13:01.599  INFO 27496 --- [    Test worker] o.s.t.web.servlet.TestDispatcherServlet  : Initializing Servlet ''
2021-08-13 19:13:01.600  INFO 27496 --- [    Test worker] o.s.t.web.servlet.TestDispatcherServlet  : Completed initialization in 1 ms

MockHttpServletRequest:
      HTTP Method = POST
      Request URI = /api/user
       Parameters = {}
          Headers = [Content-Type:"application/json;charset=UTF-8", Content-Length:"361"]
             Body = {"email":"hello@naver.com","password":"asdasd","username":"juhu","age":20,"nickname":"juhu","gender":0,"tel":"010-0000-0000","zipCode":"12345","street":"road 17","detailedAddress":"juhu","role":"ROLE_PTTEACHER","monthlyHeights":null,"monthlyWeights":null,"major":"재활","certificates":[],"careers":[],"price":1000,"description":"트레이너","snsAddrs":null}
    Session Attrs = {}

Handler:
             Type = com.B305.ogym.controller.UserApiController
           Method = com.B305.ogym.controller.UserApiController#signup(SaveUserRequest)

Async:
    Async started = false
     Async result = null

Resolved Exception:
             Type = com.B305.ogym.exception.user.UserDuplicateEmailException

ModelAndView:
        View name = null
             View = null
            Model = null

FlashMap:
       Attributes = null

MockHttpServletResponse:
           Status = 409
    Error message = null
          Headers = [Content-Type:"text/plain;charset=UTF-8", Content-Length:"29"]
     Content type = text/plain;charset=UTF-8
             Body = 중복된 이메일입니다.
    Forwarded URL = null
   Redirected URL = null
          Cookies = []
2021-08-13 19:13:01.630  INFO 27496 --- [    Test worker] o.s.b.t.m.w.SpringBootMockServletContext : Initializing Spring TestDispatcherServlet ''
2021-08-13 19:13:01.630  INFO 27496 --- [    Test worker] o.s.t.web.servlet.TestDispatcherServlet  : Initializing Servlet ''
2021-08-13 19:13:01.631  INFO 27496 --- [    Test worker] o.s.t.web.servlet.TestDispatcherServlet  : Completed initialization in 1 ms

MockHttpServletRequest:
      HTTP Method = DELETE
      Request URI = /api/user
       Parameters = {}
          Headers = [Authorization:"overStringLength7"]
             Body = null
    Session Attrs = {}

Handler:
             Type = com.B305.ogym.controller.UserApiController
           Method = com.B305.ogym.controller.UserApiController#deleteMyUser(UserBase, HttpServletRequest)

Async:
    Async started = false
     Async result = null

Resolved Exception:
             Type = null

ModelAndView:
        View name = null
             View = null
            Model = null

FlashMap:
       Attributes = null

MockHttpServletResponse:
           Status = 200
    Error message = null
          Headers = [Content-Type:"application/json;charset=UTF-8"]
     Content type = application/json;charset=UTF-8
             Body = {"statusCode":200,"message":"회원정보 삭제에 성공했습니다","data":{}}
    Forwarded URL = null
   Redirected URL = null
          Cookies = []
2021-08-13 19:13:01.659  INFO 27496 --- [    Test worker] o.s.b.t.m.w.SpringBootMockServletContext : Initializing Spring TestDispatcherServlet ''
2021-08-13 19:13:01.659  INFO 27496 --- [    Test worker] o.s.t.web.servlet.TestDispatcherServlet  : Initializing Servlet ''
2021-08-13 19:13:01.659  INFO 27496 --- [    Test worker] o.s.t.web.servlet.TestDispatcherServlet  : Completed initialization in 0 ms

MockHttpServletRequest:
      HTTP Method = POST
      Request URI = /api/user
       Parameters = {}
          Headers = [Content-Type:"application/json;charset=UTF-8", Content-Length:"454"]
             Body = {"email":"hello@naver.com","password":"asdasd","username":"한솥","age":16,"nickname":"nononoo1","gender":0,"tel":"010-0000-0000","zipCode":"12345","street":"도로명","detailedAddress":"상세주소","role":"ROLE_PTSTUDENT","monthlyHeights":[180,200,210,180,200,210,180,200,210,180,200,210],"monthlyWeights":[180,200,210,180,200,210,180,200,210,180,200,210],"major":null,"certificates":null,"careers":null,"price":0,"description":null,"snsAddrs":null}
    Session Attrs = {}

Handler:
             Type = com.B305.ogym.controller.UserApiController
           Method = com.B305.ogym.controller.UserApiController#signup(SaveUserRequest)

Async:
    Async started = false
     Async result = null

Resolved Exception:
             Type = null

ModelAndView:
        View name = null
             View = null
            Model = null

FlashMap:
       Attributes = null

MockHttpServletResponse:
           Status = 201
    Error message = null
          Headers = [Content-Type:"application/json;charset=UTF-8"]
     Content type = application/json;charset=UTF-8
             Body = {"statusCode":201,"message":"회원 가입에 성공했습니다.","data":{}}
    Forwarded URL = null
   Redirected URL = null
          Cookies = []
2021-08-13 19:13:01.729  INFO 27496 --- [    Test worker] o.s.b.t.m.w.SpringBootMockServletContext : Initializing Spring TestDispatcherServlet ''
2021-08-13 19:13:01.729  INFO 27496 --- [    Test worker] o.s.t.web.servlet.TestDispatcherServlet  : Initializing Servlet ''
2021-08-13 19:13:01.729  INFO 27496 --- [    Test worker] o.s.t.web.servlet.TestDispatcherServlet  : Completed initialization in 0 ms

MockHttpServletRequest:
      HTTP Method = DELETE
      Request URI = /api/user
       Parameters = {}
          Headers = [Authorization:"overStringLength7"]
             Body = null
    Session Attrs = {}

Handler:
             Type = com.B305.ogym.controller.UserApiController
           Method = com.B305.ogym.controller.UserApiController#deleteMyUser(UserBase, HttpServletRequest)

Async:
    Async started = false
     Async result = null

Resolved Exception:
             Type = com.B305.ogym.exception.user.UserNotFoundException

ModelAndView:
        View name = null
             View = null
            Model = null

FlashMap:
       Attributes = null

MockHttpServletResponse:
           Status = 404
    Error message = null
          Headers = [Content-Type:"text/plain;charset=UTF-8", Content-Length:"72"]
     Content type = text/plain;charset=UTF-8
             Body = 가입하지 않은 아이디이거나, 잘못된 비밀번호입니다.
    Forwarded URL = null
   Redirected URL = null
          Cookies = []
2021-08-13 19:13:01.749  INFO 27496 --- [    Test worker] o.s.b.t.m.w.SpringBootMockServletContext : Initializing Spring TestDispatcherServlet ''
2021-08-13 19:13:01.749  INFO 27496 --- [    Test worker] o.s.t.web.servlet.TestDispatcherServlet  : Initializing Servlet ''
2021-08-13 19:13:01.750  INFO 27496 --- [    Test worker] o.s.t.web.servlet.TestDispatcherServlet  : Completed initialization in 1 ms

MockHttpServletRequest:
      HTTP Method = DELETE
      Request URI = /api/user
       Parameters = {}
          Headers = [Authorization:"overStringLength7"]
             Body = null
    Session Attrs = {}

Handler:
             Type = com.B305.ogym.controller.UserApiController
           Method = com.B305.ogym.controller.UserApiController#deleteMyUser(UserBase, HttpServletRequest)

Async:
    Async started = false
     Async result = null

Resolved Exception:
             Type = null

ModelAndView:
        View name = null
             View = null
            Model = null

FlashMap:
       Attributes = null

MockHttpServletResponse:
           Status = 200
    Error message = null
          Headers = [Content-Type:"application/json;charset=UTF-8"]
     Content type = application/json;charset=UTF-8
             Body = {"statusCode":200,"message":"회원정보 삭제에 성공했습니다","data":{}}
    Forwarded URL = null
   Redirected URL = null
          Cookies = []
2021-08-13 19:13:01.774  INFO 27496 --- [    Test worker] o.s.b.t.m.w.SpringBootMockServletContext : Initializing Spring TestDispatcherServlet ''
2021-08-13 19:13:01.774  INFO 27496 --- [    Test worker] o.s.t.web.servlet.TestDispatcherServlet  : Initializing Servlet ''
2021-08-13 19:13:01.774  INFO 27496 --- [    Test worker] o.s.t.web.servlet.TestDispatcherServlet  : Completed initialization in 0 ms

MockHttpServletRequest:
      HTTP Method = POST
      Request URI = /api/user
       Parameters = {}
          Headers = [Content-Type:"application/json;charset=UTF-8", Content-Length:"361"]
             Body = {"email":"hello@naver.com","password":"asdasd","username":"juhu","age":20,"nickname":"juhu","gender":0,"tel":"010-0000-0000","zipCode":"12345","street":"road 17","detailedAddress":"juhu","role":"ROLE_PTTEACHER","monthlyHeights":null,"monthlyWeights":null,"major":"재활","certificates":[],"careers":[],"price":1000,"description":"트레이너","snsAddrs":null}
    Session Attrs = {}

Handler:
             Type = com.B305.ogym.controller.UserApiController
           Method = com.B305.ogym.controller.UserApiController#signup(SaveUserRequest)

Async:
    Async started = false
     Async result = null

Resolved Exception:
             Type = null

ModelAndView:
        View name = null
             View = null
            Model = null

FlashMap:
       Attributes = null

MockHttpServletResponse:
           Status = 201
    Error message = null
          Headers = [Content-Type:"application/json;charset=UTF-8"]
     Content type = application/json;charset=UTF-8
             Body = {"statusCode":201,"message":"회원 가입에 성공했습니다.","data":{}}
    Forwarded URL = null
   Redirected URL = null
          Cookies = []
2021-08-13 19:13:01.811  INFO 27496 --- [    Test worker] o.s.b.t.m.w.SpringBootMockServletContext : Initializing Spring TestDispatcherServlet ''
2021-08-13 19:13:01.811  INFO 27496 --- [    Test worker] o.s.t.web.servlet.TestDispatcherServlet  : Initializing Servlet ''
2021-08-13 19:13:01.812  INFO 27496 --- [    Test worker] o.s.t.web.servlet.TestDispatcherServlet  : Completed initialization in 1 ms

MockHttpServletRequest:
      HTTP Method = DELETE
      Request URI = /api/user
       Parameters = {}
          Headers = [Authorization:"overStringLength7"]
             Body = null
    Session Attrs = {}

Handler:
             Type = com.B305.ogym.controller.UserApiController
           Method = com.B305.ogym.controller.UserApiController#deleteMyUser(UserBase, HttpServletRequest)

Async:
    Async started = false
     Async result = null

Resolved Exception:
             Type = com.B305.ogym.exception.user.UserNotFoundException

ModelAndView:
        View name = null
             View = null
            Model = null

FlashMap:
       Attributes = null

MockHttpServletResponse:
           Status = 404
    Error message = null
          Headers = [Content-Type:"text/plain;charset=UTF-8", Content-Length:"72"]
     Content type = text/plain;charset=UTF-8
             Body = 가입하지 않은 아이디이거나, 잘못된 비밀번호입니다.
    Forwarded URL = null
   Redirected URL = null
          Cookies = []
2021-08-13 19:13:01.835  INFO 27496 --- [    Test worker] o.s.b.t.m.w.SpringBootMockServletContext : Initializing Spring TestDispatcherServlet ''
2021-08-13 19:13:01.835  INFO 27496 --- [    Test worker] o.s.t.web.servlet.TestDispatcherServlet  : Initializing Servlet ''
2021-08-13 19:13:01.836  INFO 27496 --- [    Test worker] o.s.t.web.servlet.TestDispatcherServlet  : Completed initialization in 1 ms

MockHttpServletRequest:
      HTTP Method = GET
      Request URI = /api/user/id,email
       Parameters = {}
          Headers = [Authorization:"overStringLength7"]
             Body = null
    Session Attrs = {}

Handler:
             Type = com.B305.ogym.controller.UserApiController
           Method = com.B305.ogym.controller.UserApiController#getUserInfo(UserBase, List)

Async:
    Async started = false
     Async result = null

Resolved Exception:
             Type = null

ModelAndView:
        View name = null
             View = null
            Model = null

FlashMap:
       Attributes = null

MockHttpServletResponse:
           Status = 200
    Error message = null
          Headers = [Content-Type:"application/json;charset=UTF-8"]
     Content type = application/json;charset=UTF-8
             Body = {"statusCode":200,"message":"회원 정보를 불러오는데 성공했습니다","data":{"id":1,"email":"teacher@naver.com"}}
    Forwarded URL = null
   Redirected URL = null
          Cookies = []
]]></system-out>
  <system-err><![CDATA[]]></system-err>
</testsuite>
