<?xml version="1.0" encoding="UTF-8"?>
<testsuite name="com.B305.ogym.controller.UserApiControllerTest" tests="11" skipped="0" failures="0" errors="0" timestamp="2021-08-19T02:41:44" hostname="DESKTOP-H7093P3" time="0.414">
  <properties/>
  <testcase name="회원 정보조회 - 이메일이 존재하지 않아 정보조회 실패" classname="com.B305.ogym.controller.UserApiControllerTest" time="0.035"/>
  <testcase name="유저 회원가입 - 닉네임 중복으로 인한 회원가입 실패" classname="com.B305.ogym.controller.UserApiControllerTest" time="0.121"/>
  <testcase name="유저 회원가입 - 이메일 중복으로 인한 회원가입 실패" classname="com.B305.ogym.controller.UserApiControllerTest" time="0.025"/>
  <testcase name="학생 회원탈퇴 - 회원탈퇴 성공" classname="com.B305.ogym.controller.UserApiControllerTest" time="0.031"/>
  <testcase name="학생 회원가입 - 모든 유효성 검사에 통과했다면 회원가입 성공" classname="com.B305.ogym.controller.UserApiControllerTest" time="0.039"/>
  <testcase name="학생 회원탈퇴 - 존재하지 않는 이메일로 인한 회원탈퇴 실패(이미 탈퇴한 회원)" classname="com.B305.ogym.controller.UserApiControllerTest" time="0.023"/>
  <testcase name="유저 프로필 이미지 등록 - 성공" classname="com.B305.ogym.controller.UserApiControllerTest" time="0.026"/>
  <testcase name="선생님 회원탈퇴 - 회원탈퇴 성공" classname="com.B305.ogym.controller.UserApiControllerTest" time="0.024"/>
  <testcase name="선생님 회원가입 - 모든 유효성 검사에 통과했다면 회원가입 성공" classname="com.B305.ogym.controller.UserApiControllerTest" time="0.032"/>
  <testcase name="학생 회원탈퇴 - 존재하지 않는 이메일로 인한 회원탈퇴 실패(이미 탈퇴한 회원)" classname="com.B305.ogym.controller.UserApiControllerTest" time="0.021"/>
  <testcase name="회원 정보조회 - 정보조회 성공" classname="com.B305.ogym.controller.UserApiControllerTest" time="0.027"/>
  <system-out><![CDATA[2021-08-19 11:41:43.340  INFO 26120 --- [    Test worker] .b.t.a.w.s.WebMvcTestContextBootstrapper : Neither @ContextConfiguration nor @ContextHierarchy found for test class [com.B305.ogym.controller.UserApiControllerTest], using SpringBootContextLoader
2021-08-19 11:41:43.341  INFO 26120 --- [    Test worker] o.s.t.c.support.AbstractContextLoader    : Could not detect default resource locations for test class [com.B305.ogym.controller.UserApiControllerTest]: no resource found for suffixes {-context.xml, Context.groovy}.
2021-08-19 11:41:43.341  INFO 26120 --- [    Test worker] t.c.s.AnnotationConfigContextLoaderUtils : Could not detect default configuration classes for test class [com.B305.ogym.controller.UserApiControllerTest]: UserApiControllerTest does not declare any static, non-private, non-final, nested classes annotated with @Configuration.
2021-08-19 11:41:43.344  INFO 26120 --- [    Test worker] .b.t.c.SpringBootTestContextBootstrapper : Found @SpringBootConfiguration com.B305.ogym.OgymApplication for test class com.B305.ogym.controller.UserApiControllerTest
2021-08-19 11:41:43.345  INFO 26120 --- [    Test worker] .b.t.a.w.s.WebMvcTestContextBootstrapper : Loaded default TestExecutionListener class names from location [META-INF/spring.factories]: [org.springframework.security.test.context.support.WithSecurityContextTestExecutionListener, org.springframework.security.test.context.support.ReactorContextTestExecutionListener, org.springframework.boot.test.autoconfigure.restdocs.RestDocsTestExecutionListener, org.springframework.boot.test.autoconfigure.web.client.MockRestServiceServerResetTestExecutionListener, org.springframework.boot.test.autoconfigure.web.servlet.MockMvcPrintOnlyOnFailureTestExecutionListener, org.springframework.boot.test.autoconfigure.web.servlet.WebDriverTestExecutionListener, org.springframework.boot.test.autoconfigure.webservices.client.MockWebServiceServerTestExecutionListener, org.springframework.boot.test.mock.mockito.MockitoTestExecutionListener, org.springframework.boot.test.mock.mockito.ResetMocksTestExecutionListener, org.springframework.test.context.web.ServletTestExecutionListener, org.springframework.test.context.support.DirtiesContextBeforeModesTestExecutionListener, org.springframework.test.context.event.ApplicationEventsTestExecutionListener, org.springframework.test.context.support.DependencyInjectionTestExecutionListener, org.springframework.test.context.support.DirtiesContextTestExecutionListener, org.springframework.test.context.transaction.TransactionalTestExecutionListener, org.springframework.test.context.jdbc.SqlScriptsTestExecutionListener, org.springframework.test.context.event.EventPublishingTestExecutionListener]
2021-08-19 11:41:43.345  INFO 26120 --- [    Test worker] .b.t.a.w.s.WebMvcTestContextBootstrapper : Using TestExecutionListeners: [org.springframework.test.context.web.ServletTestExecutionListener@19d72692, org.springframework.test.context.support.DirtiesContextBeforeModesTestExecutionListener@76112f72, org.springframework.test.context.event.ApplicationEventsTestExecutionListener@31aa5a02, org.springframework.boot.test.mock.mockito.MockitoTestExecutionListener@4bf8dab6, org.springframework.boot.test.autoconfigure.SpringBootDependencyInjectionTestExecutionListener@6bbb96ed, org.springframework.test.context.support.DirtiesContextTestExecutionListener@142e4e57, org.springframework.test.context.transaction.TransactionalTestExecutionListener@77b76c9a, org.springframework.test.context.jdbc.SqlScriptsTestExecutionListener@7a9725b0, org.springframework.security.test.context.support.WithSecurityContextTestExecutionListener@4d2cd8f1, org.springframework.test.context.event.EventPublishingTestExecutionListener@2b966bf5, org.springframework.security.test.context.support.ReactorContextTestExecutionListener@678901a1, org.springframework.boot.test.autoconfigure.restdocs.RestDocsTestExecutionListener@24f00245, org.springframework.boot.test.autoconfigure.web.client.MockRestServiceServerResetTestExecutionListener@fb0bd7a, org.springframework.boot.test.autoconfigure.web.servlet.MockMvcPrintOnlyOnFailureTestExecutionListener@17e1a6ba, org.springframework.boot.test.autoconfigure.web.servlet.WebDriverTestExecutionListener@38ca29ee, org.springframework.boot.test.autoconfigure.webservices.client.MockWebServiceServerTestExecutionListener@1c8cf698, org.springframework.boot.test.mock.mockito.ResetMocksTestExecutionListener@16ddc31e]

  .   ____          _            __ _ _
 /\\ / ___'_ __ _ _(_)_ __  __ _ \ \ \ \
( ( )\___ | '_ | '_| | '_ \/ _` | \ \ \ \
 \\/  ___)| |_)| | | | | || (_| |  ) ) ) )
  '  |____| .__|_| |_|_| |_\__, | / / / /
 =========|_|==============|___/=/_/_/_/
 :: Spring Boot ::                (v2.5.2)

2021-08-19 11:41:43.381  INFO 26120 --- [    Test worker] c.B.o.controller.UserApiControllerTest   : Starting UserApiControllerTest using Java 11.0.1 on DESKTOP-H7093P3 with PID 26120 (started by juhyu in C:\ssafy-common-sub3\BackEnd)
2021-08-19 11:41:43.382  INFO 26120 --- [    Test worker] c.B.o.controller.UserApiControllerTest   : No active profile set, falling back to default profiles: default
2021-08-19 11:41:44.082  INFO 26120 --- [    Test worker] .s.s.UserDetailsServiceAutoConfiguration : 

Using generated security password: 24f860bb-5957-4caa-ada3-b90270e1fce3

2021-08-19 11:41:44.211  INFO 26120 --- [    Test worker] o.s.s.web.DefaultSecurityFilterChain     : Will secure any request with [org.springframework.security.web.context.request.async.WebAsyncManagerIntegrationFilter@619cd76a, org.springframework.security.web.context.SecurityContextPersistenceFilter@edcb4c8, org.springframework.security.web.header.HeaderWriterFilter@4d918976, org.springframework.security.web.csrf.CsrfFilter@244b94f7, org.springframework.security.web.authentication.logout.LogoutFilter@6b8a409, org.springframework.security.web.authentication.UsernamePasswordAuthenticationFilter@7944ccc3, org.springframework.security.web.authentication.ui.DefaultLoginPageGeneratingFilter@5037f55a, org.springframework.security.web.authentication.ui.DefaultLogoutPageGeneratingFilter@430719d7, org.springframework.security.web.authentication.www.BasicAuthenticationFilter@3933d3c8, org.springframework.security.web.savedrequest.RequestCacheAwareFilter@1999e80c, org.springframework.security.web.servletapi.SecurityContextHolderAwareRequestFilter@58821870, org.springframework.security.web.authentication.AnonymousAuthenticationFilter@1cfaf7a0, org.springframework.security.web.session.SessionManagementFilter@76c87aca, org.springframework.security.web.access.ExceptionTranslationFilter@47aa1f00, org.springframework.security.web.access.intercept.FilterSecurityInterceptor@10a643e5]
2021-08-19 11:41:44.268  INFO 26120 --- [    Test worker] o.s.b.t.m.w.SpringBootMockServletContext : Initializing Spring TestDispatcherServlet ''
2021-08-19 11:41:44.268  INFO 26120 --- [    Test worker] o.s.t.web.servlet.TestDispatcherServlet  : Initializing Servlet ''
2021-08-19 11:41:44.269  INFO 26120 --- [    Test worker] o.s.t.web.servlet.TestDispatcherServlet  : Completed initialization in 1 ms
2021-08-19 11:41:44.286  INFO 26120 --- [    Test worker] c.B.o.controller.UserApiControllerTest   : Started UserApiControllerTest in 0.938 seconds (JVM running for 10.007)
2021-08-19 11:41:44.295  INFO 26120 --- [    Test worker] o.s.b.t.m.w.SpringBootMockServletContext : Initializing Spring TestDispatcherServlet ''
2021-08-19 11:41:44.295  INFO 26120 --- [    Test worker] o.s.t.web.servlet.TestDispatcherServlet  : Initializing Servlet ''
2021-08-19 11:41:44.295  INFO 26120 --- [    Test worker] o.s.t.web.servlet.TestDispatcherServlet  : Completed initialization in 0 ms

MockHttpServletRequest:
      HTTP Method = GET
      Request URI = /api/user/%5Bid,%20email%5D
       Parameters = {}
          Headers = [Authorization:"JWT ACCESS TOKEN"]
             Body = null
    Session Attrs = {}

Handler:
             Type = com.B305.ogym.controller.UserApiController
           Method = com.B305.ogym.controller.UserApiController#getUserInfo(String, List)

Async:
    Async started = false
     Async result = null

Resolved Exception:
             Type = com.B305.ogym.exception.user.UserNotFoundException

ModelAndView:
        View name = null
             View = null
            Model = null

FlashMap:
       Attributes = null

MockHttpServletResponse:
           Status = 404
    Error message = null
          Headers = [Content-Type:"text/plain;charset=UTF-8", Content-Length:"72"]
     Content type = text/plain;charset=UTF-8
             Body = 가입하지 않은 아이디이거나, 잘못된 비밀번호입니다.
    Forwarded URL = null
   Redirected URL = null
          Cookies = []
2021-08-19 11:41:44.328  INFO 26120 --- [    Test worker] o.s.b.t.m.w.SpringBootMockServletContext : Initializing Spring TestDispatcherServlet ''
2021-08-19 11:41:44.328  INFO 26120 --- [    Test worker] o.s.t.web.servlet.TestDispatcherServlet  : Initializing Servlet ''
2021-08-19 11:41:44.328  INFO 26120 --- [    Test worker] o.s.t.web.servlet.TestDispatcherServlet  : Completed initialization in 0 ms

MockHttpServletRequest:
      HTTP Method = POST
      Request URI = /api/user
       Parameters = {}
          Headers = [Content-Type:"application/json;charset=UTF-8", Content-Length:"359"]
             Body = {"email":"hello@naver.com","password":"asdasd","username":"juhu","age":20,"nickname":"juhu","gender":0,"tel":"010-0000-0000","zipCode":"12345","street":"road 17","detailedAddress":"juhu","role":"ROLE_PTTEACHER","monthlyHeights":null,"monthlyWeights":null,"major":"재활","certificates":[],"careers":[],"price":1000,"description":"트레이너","snsAddrs":[]}
    Session Attrs = {}

Handler:
             Type = com.B305.ogym.controller.UserApiController
           Method = com.B305.ogym.controller.UserApiController#signup(SaveUserRequest)

Async:
    Async started = false
     Async result = null

Resolved Exception:
             Type = com.B305.ogym.exception.user.UserDuplicateNicknameException

ModelAndView:
        View name = null
             View = null
            Model = null

FlashMap:
       Attributes = null

MockHttpServletResponse:
           Status = 409
    Error message = null
          Headers = [Content-Type:"text/plain;charset=UTF-8", Content-Length:"29"]
     Content type = text/plain;charset=UTF-8
             Body = 중복된 닉네임입니다.
    Forwarded URL = null
   Redirected URL = null
          Cookies = []
2021-08-19 11:41:44.450  INFO 26120 --- [    Test worker] o.s.b.t.m.w.SpringBootMockServletContext : Initializing Spring TestDispatcherServlet ''
2021-08-19 11:41:44.450  INFO 26120 --- [    Test worker] o.s.t.web.servlet.TestDispatcherServlet  : Initializing Servlet ''
2021-08-19 11:41:44.451  INFO 26120 --- [    Test worker] o.s.t.web.servlet.TestDispatcherServlet  : Completed initialization in 1 ms

MockHttpServletRequest:
      HTTP Method = POST
      Request URI = /api/user
       Parameters = {}
          Headers = [Content-Type:"application/json;charset=UTF-8", Content-Length:"359"]
             Body = {"email":"hello@naver.com","password":"asdasd","username":"juhu","age":20,"nickname":"juhu","gender":0,"tel":"010-0000-0000","zipCode":"12345","street":"road 17","detailedAddress":"juhu","role":"ROLE_PTTEACHER","monthlyHeights":null,"monthlyWeights":null,"major":"재활","certificates":[],"careers":[],"price":1000,"description":"트레이너","snsAddrs":[]}
    Session Attrs = {}

Handler:
             Type = com.B305.ogym.controller.UserApiController
           Method = com.B305.ogym.controller.UserApiController#signup(SaveUserRequest)

Async:
    Async started = false
     Async result = null

Resolved Exception:
             Type = com.B305.ogym.exception.user.UserDuplicateEmailException

ModelAndView:
        View name = null
             View = null
            Model = null

FlashMap:
       Attributes = null

MockHttpServletResponse:
           Status = 409
    Error message = null
          Headers = [Content-Type:"text/plain;charset=UTF-8", Content-Length:"29"]
     Content type = text/plain;charset=UTF-8
             Body = 중복된 이메일입니다.
    Forwarded URL = null
   Redirected URL = null
          Cookies = []
2021-08-19 11:41:44.476  INFO 26120 --- [    Test worker] o.s.b.t.m.w.SpringBootMockServletContext : Initializing Spring TestDispatcherServlet ''
2021-08-19 11:41:44.476  INFO 26120 --- [    Test worker] o.s.t.web.servlet.TestDispatcherServlet  : Initializing Servlet ''
2021-08-19 11:41:44.477  INFO 26120 --- [    Test worker] o.s.t.web.servlet.TestDispatcherServlet  : Completed initialization in 1 ms

MockHttpServletRequest:
      HTTP Method = DELETE
      Request URI = /api/user
       Parameters = {}
          Headers = [Authorization:"JWT ACCESS TOKEN"]
             Body = null
    Session Attrs = {}

Handler:
             Type = com.B305.ogym.controller.UserApiController
           Method = com.B305.ogym.controller.UserApiController#deleteMyUser(String, HttpServletRequest)

Async:
    Async started = false
     Async result = null

Resolved Exception:
             Type = null

ModelAndView:
        View name = null
             View = null
            Model = null

FlashMap:
       Attributes = null

MockHttpServletResponse:
           Status = 200
    Error message = null
          Headers = [Content-Type:"application/json;charset=UTF-8"]
     Content type = application/json;charset=UTF-8
             Body = {"statusCode":200,"message":"회원정보 삭제에 성공했습니다","data":{}}
    Forwarded URL = null
   Redirected URL = null
          Cookies = []
2021-08-19 11:41:44.508  INFO 26120 --- [    Test worker] o.s.b.t.m.w.SpringBootMockServletContext : Initializing Spring TestDispatcherServlet ''
2021-08-19 11:41:44.508  INFO 26120 --- [    Test worker] o.s.t.web.servlet.TestDispatcherServlet  : Initializing Servlet ''
2021-08-19 11:41:44.509  INFO 26120 --- [    Test worker] o.s.t.web.servlet.TestDispatcherServlet  : Completed initialization in 1 ms

MockHttpServletRequest:
      HTTP Method = POST
      Request URI = /api/user
       Parameters = {}
          Headers = [Content-Type:"application/json;charset=UTF-8", Content-Length:"454"]
             Body = {"email":"hello@naver.com","password":"asdasd","username":"한솥","age":16,"nickname":"nononoo1","gender":0,"tel":"010-0000-0000","zipCode":"12345","street":"도로명","detailedAddress":"상세주소","role":"ROLE_PTSTUDENT","monthlyHeights":[180,200,210,180,200,210,180,200,210,180,200,210],"monthlyWeights":[180,200,210,180,200,210,180,200,210,180,200,210],"major":null,"certificates":null,"careers":null,"price":0,"description":null,"snsAddrs":null}
    Session Attrs = {}

Handler:
             Type = com.B305.ogym.controller.UserApiController
           Method = com.B305.ogym.controller.UserApiController#signup(SaveUserRequest)

Async:
    Async started = false
     Async result = null

Resolved Exception:
             Type = null

ModelAndView:
        View name = null
             View = null
            Model = null

FlashMap:
       Attributes = null

MockHttpServletResponse:
           Status = 201
    Error message = null
          Headers = [Content-Type:"application/json;charset=UTF-8"]
     Content type = application/json;charset=UTF-8
             Body = {"statusCode":201,"message":"회원 가입에 성공했습니다.","data":{}}
    Forwarded URL = null
   Redirected URL = null
          Cookies = []
2021-08-19 11:41:44.548  INFO 26120 --- [    Test worker] o.s.b.t.m.w.SpringBootMockServletContext : Initializing Spring TestDispatcherServlet ''
2021-08-19 11:41:44.549  INFO 26120 --- [    Test worker] o.s.t.web.servlet.TestDispatcherServlet  : Initializing Servlet ''
2021-08-19 11:41:44.549  INFO 26120 --- [    Test worker] o.s.t.web.servlet.TestDispatcherServlet  : Completed initialization in 0 ms

MockHttpServletRequest:
      HTTP Method = DELETE
      Request URI = /api/user
       Parameters = {}
          Headers = [Authorization:"JWT ACCESS TOKEN"]
             Body = null
    Session Attrs = {}

Handler:
             Type = com.B305.ogym.controller.UserApiController
           Method = com.B305.ogym.controller.UserApiController#deleteMyUser(String, HttpServletRequest)

Async:
    Async started = false
     Async result = null

Resolved Exception:
             Type = com.B305.ogym.exception.user.UserNotFoundException

ModelAndView:
        View name = null
             View = null
            Model = null

FlashMap:
       Attributes = null

MockHttpServletResponse:
           Status = 404
    Error message = null
          Headers = [Content-Type:"text/plain;charset=UTF-8", Content-Length:"72"]
     Content type = text/plain;charset=UTF-8
             Body = 가입하지 않은 아이디이거나, 잘못된 비밀번호입니다.
    Forwarded URL = null
   Redirected URL = null
          Cookies = []
2021-08-19 11:41:44.572  INFO 26120 --- [    Test worker] o.s.b.t.m.w.SpringBootMockServletContext : Initializing Spring TestDispatcherServlet ''
2021-08-19 11:41:44.573  INFO 26120 --- [    Test worker] o.s.t.web.servlet.TestDispatcherServlet  : Initializing Servlet ''
2021-08-19 11:41:44.573  INFO 26120 --- [    Test worker] o.s.t.web.servlet.TestDispatcherServlet  : Completed initialization in 0 ms

MockHttpServletRequest:
      HTTP Method = PATCH
      Request URI = /api/user
       Parameters = {}
          Headers = [Content-Type:"application/json;charset=UTF-8", Content-Length:"25"]
             Body = {"url":"fileDIR/fileURL"}
    Session Attrs = {}

Handler:
             Type = com.B305.ogym.controller.UserApiController
           Method = com.B305.ogym.controller.UserApiController#putProfile(String, ProfileDto)

Async:
    Async started = false
     Async result = null

Resolved Exception:
             Type = null

ModelAndView:
        View name = null
             View = null
            Model = null

FlashMap:
       Attributes = null

MockHttpServletResponse:
           Status = 200
    Error message = null
          Headers = [Content-Type:"application/json;charset=UTF-8"]
     Content type = application/json;charset=UTF-8
             Body = {"statusCode":200,"message":"프로필 저장에 성공했습니다.","data":{}}
    Forwarded URL = null
   Redirected URL = null
          Cookies = []
2021-08-19 11:41:44.599  INFO 26120 --- [    Test worker] o.s.b.t.m.w.SpringBootMockServletContext : Initializing Spring TestDispatcherServlet ''
2021-08-19 11:41:44.600  INFO 26120 --- [    Test worker] o.s.t.web.servlet.TestDispatcherServlet  : Initializing Servlet ''
2021-08-19 11:41:44.600  INFO 26120 --- [    Test worker] o.s.t.web.servlet.TestDispatcherServlet  : Completed initialization in 0 ms

MockHttpServletRequest:
      HTTP Method = DELETE
      Request URI = /api/user
       Parameters = {}
          Headers = [Authorization:"JWT ACCESS TOKEN"]
             Body = null
    Session Attrs = {}

Handler:
             Type = com.B305.ogym.controller.UserApiController
           Method = com.B305.ogym.controller.UserApiController#deleteMyUser(String, HttpServletRequest)

Async:
    Async started = false
     Async result = null

Resolved Exception:
             Type = null

ModelAndView:
        View name = null
             View = null
            Model = null

FlashMap:
       Attributes = null

MockHttpServletResponse:
           Status = 200
    Error message = null
          Headers = [Content-Type:"application/json;charset=UTF-8"]
     Content type = application/json;charset=UTF-8
             Body = {"statusCode":200,"message":"회원정보 삭제에 성공했습니다","data":{}}
    Forwarded URL = null
   Redirected URL = null
          Cookies = []
2021-08-19 11:41:44.623  INFO 26120 --- [    Test worker] o.s.b.t.m.w.SpringBootMockServletContext : Initializing Spring TestDispatcherServlet ''
2021-08-19 11:41:44.623  INFO 26120 --- [    Test worker] o.s.t.web.servlet.TestDispatcherServlet  : Initializing Servlet ''
2021-08-19 11:41:44.624  INFO 26120 --- [    Test worker] o.s.t.web.servlet.TestDispatcherServlet  : Completed initialization in 1 ms

MockHttpServletRequest:
      HTTP Method = POST
      Request URI = /api/user
       Parameters = {}
          Headers = [Content-Type:"application/json;charset=UTF-8", Content-Length:"359"]
             Body = {"email":"hello@naver.com","password":"asdasd","username":"juhu","age":20,"nickname":"juhu","gender":0,"tel":"010-0000-0000","zipCode":"12345","street":"road 17","detailedAddress":"juhu","role":"ROLE_PTTEACHER","monthlyHeights":null,"monthlyWeights":null,"major":"재활","certificates":[],"careers":[],"price":1000,"description":"트레이너","snsAddrs":[]}
    Session Attrs = {}

Handler:
             Type = com.B305.ogym.controller.UserApiController
           Method = com.B305.ogym.controller.UserApiController#signup(SaveUserRequest)

Async:
    Async started = false
     Async result = null

Resolved Exception:
             Type = null

ModelAndView:
        View name = null
             View = null
            Model = null

FlashMap:
       Attributes = null

MockHttpServletResponse:
           Status = 201
    Error message = null
          Headers = [Content-Type:"application/json;charset=UTF-8"]
     Content type = application/json;charset=UTF-8
             Body = {"statusCode":201,"message":"회원 가입에 성공했습니다.","data":{}}
    Forwarded URL = null
   Redirected URL = null
          Cookies = []
2021-08-19 11:41:44.656  INFO 26120 --- [    Test worker] o.s.b.t.m.w.SpringBootMockServletContext : Initializing Spring TestDispatcherServlet ''
2021-08-19 11:41:44.656  INFO 26120 --- [    Test worker] o.s.t.web.servlet.TestDispatcherServlet  : Initializing Servlet ''
2021-08-19 11:41:44.657  INFO 26120 --- [    Test worker] o.s.t.web.servlet.TestDispatcherServlet  : Completed initialization in 1 ms

MockHttpServletRequest:
      HTTP Method = DELETE
      Request URI = /api/user
       Parameters = {}
          Headers = [Authorization:"JWT ACCESS TOKEN"]
             Body = null
    Session Attrs = {}

Handler:
             Type = com.B305.ogym.controller.UserApiController
           Method = com.B305.ogym.controller.UserApiController#deleteMyUser(String, HttpServletRequest)

Async:
    Async started = false
     Async result = null

Resolved Exception:
             Type = com.B305.ogym.exception.user.UserNotFoundException

ModelAndView:
        View name = null
             View = null
            Model = null

FlashMap:
       Attributes = null

MockHttpServletResponse:
           Status = 404
    Error message = null
          Headers = [Content-Type:"text/plain;charset=UTF-8", Content-Length:"72"]
     Content type = text/plain;charset=UTF-8
             Body = 가입하지 않은 아이디이거나, 잘못된 비밀번호입니다.
    Forwarded URL = null
   Redirected URL = null
          Cookies = []
2021-08-19 11:41:44.678  INFO 26120 --- [    Test worker] o.s.b.t.m.w.SpringBootMockServletContext : Initializing Spring TestDispatcherServlet ''
2021-08-19 11:41:44.679  INFO 26120 --- [    Test worker] o.s.t.web.servlet.TestDispatcherServlet  : Initializing Servlet ''
2021-08-19 11:41:44.679  INFO 26120 --- [    Test worker] o.s.t.web.servlet.TestDispatcherServlet  : Completed initialization in 0 ms
[id, email]

MockHttpServletRequest:
      HTTP Method = GET
      Request URI = /api/user/%5Bid,%20email%5D
       Parameters = {}
          Headers = [Authorization:"JWT ACCESS TOKEN"]
             Body = null
    Session Attrs = {}

Handler:
             Type = com.B305.ogym.controller.UserApiController
           Method = com.B305.ogym.controller.UserApiController#getUserInfo(String, List)

Async:
    Async started = false
     Async result = null

Resolved Exception:
             Type = null

ModelAndView:
        View name = null
             View = null
            Model = null

FlashMap:
       Attributes = null

MockHttpServletResponse:
           Status = 200
    Error message = null
          Headers = [Content-Type:"application/json;charset=UTF-8"]
     Content type = application/json;charset=UTF-8
             Body = {"statusCode":200,"message":"회원 정보를 불러오는데 성공했습니다","data":{"id":1,"email":"teacher@naver.com"}}
    Forwarded URL = null
   Redirected URL = null
          Cookies = []
]]></system-out>
  <system-err><![CDATA[]]></system-err>
</testsuite>
