<?xml version="1.0" encoding="UTF-8"?>
<testsuite name="com.B305.ogym.controller.UserApiControllerTest" tests="9" skipped="0" failures="0" errors="0" timestamp="2021-08-12T12:32:04" hostname="DESKTOP-H7093P3" time="0.413">
  <properties/>
  <testcase name="유저 회원가입 - 닉네임 중복으로 인한 회원가입 실패" classname="com.B305.ogym.controller.UserApiControllerTest" time="0.146"/>
  <testcase name="유저 회원가입 - 이메일 중복으로 인한 회원가입 실패" classname="com.B305.ogym.controller.UserApiControllerTest" time="0.028"/>
  <testcase name="학생 회원탈퇴 - 회원탈퇴 성공" classname="com.B305.ogym.controller.UserApiControllerTest" time="0.031"/>
  <testcase name="학생 회원가입 - 모든 유효성 검사에 통과했다면 회원가입 성공" classname="com.B305.ogym.controller.UserApiControllerTest" time="0.061"/>
  <testcase name="학생 회원탈퇴 - 존재하지 않는 이메일로 인한 회원탈퇴 실패(이미 탈퇴한 회원)" classname="com.B305.ogym.controller.UserApiControllerTest" time="0.024"/>
  <testcase name="선생님 회원탈퇴 - 회원탈퇴 성공" classname="com.B305.ogym.controller.UserApiControllerTest" time="0.024"/>
  <testcase name="선생님 회원가입 - 모든 유효성 검사에 통과했다면 회원가입 성공" classname="com.B305.ogym.controller.UserApiControllerTest" time="0.038"/>
  <testcase name="학생 회원탈퇴 - 존재하지 않는 이메일로 인한 회원탈퇴 실패(이미 탈퇴한 회원)" classname="com.B305.ogym.controller.UserApiControllerTest" time="0.021"/>
  <testcase name="회원 정보조회 - 정보조회 성공" classname="com.B305.ogym.controller.UserApiControllerTest" time="0.028"/>
  <system-out><![CDATA[2021-08-12 21:32:03.546  INFO 25836 --- [    Test worker] .b.t.a.w.s.WebMvcTestContextBootstrapper : Neither @ContextConfiguration nor @ContextHierarchy found for test class [com.B305.ogym.controller.UserApiControllerTest], using SpringBootContextLoader
2021-08-12 21:32:03.547  INFO 25836 --- [    Test worker] o.s.t.c.support.AbstractContextLoader    : Could not detect default resource locations for test class [com.B305.ogym.controller.UserApiControllerTest]: no resource found for suffixes {-context.xml, Context.groovy}.
2021-08-12 21:32:03.547  INFO 25836 --- [    Test worker] t.c.s.AnnotationConfigContextLoaderUtils : Could not detect default configuration classes for test class [com.B305.ogym.controller.UserApiControllerTest]: UserApiControllerTest does not declare any static, non-private, non-final, nested classes annotated with @Configuration.
2021-08-12 21:32:03.551  INFO 25836 --- [    Test worker] .b.t.c.SpringBootTestContextBootstrapper : Found @SpringBootConfiguration com.B305.ogym.OgymApplication for test class com.B305.ogym.controller.UserApiControllerTest
2021-08-12 21:32:03.552  INFO 25836 --- [    Test worker] .b.t.a.w.s.WebMvcTestContextBootstrapper : Loaded default TestExecutionListener class names from location [META-INF/spring.factories]: [org.springframework.security.test.context.support.WithSecurityContextTestExecutionListener, org.springframework.security.test.context.support.ReactorContextTestExecutionListener, org.springframework.boot.test.autoconfigure.restdocs.RestDocsTestExecutionListener, org.springframework.boot.test.autoconfigure.web.client.MockRestServiceServerResetTestExecutionListener, org.springframework.boot.test.autoconfigure.web.servlet.MockMvcPrintOnlyOnFailureTestExecutionListener, org.springframework.boot.test.autoconfigure.web.servlet.WebDriverTestExecutionListener, org.springframework.boot.test.autoconfigure.webservices.client.MockWebServiceServerTestExecutionListener, org.springframework.boot.test.mock.mockito.MockitoTestExecutionListener, org.springframework.boot.test.mock.mockito.ResetMocksTestExecutionListener, org.springframework.test.context.web.ServletTestExecutionListener, org.springframework.test.context.support.DirtiesContextBeforeModesTestExecutionListener, org.springframework.test.context.event.ApplicationEventsTestExecutionListener, org.springframework.test.context.support.DependencyInjectionTestExecutionListener, org.springframework.test.context.support.DirtiesContextTestExecutionListener, org.springframework.test.context.transaction.TransactionalTestExecutionListener, org.springframework.test.context.jdbc.SqlScriptsTestExecutionListener, org.springframework.test.context.event.EventPublishingTestExecutionListener]
2021-08-12 21:32:03.552  INFO 25836 --- [    Test worker] .b.t.a.w.s.WebMvcTestContextBootstrapper : Using TestExecutionListeners: [org.springframework.test.context.web.ServletTestExecutionListener@926e35d, org.springframework.test.context.support.DirtiesContextBeforeModesTestExecutionListener@7bf30787, org.springframework.test.context.event.ApplicationEventsTestExecutionListener@666e485f, org.springframework.boot.test.mock.mockito.MockitoTestExecutionListener@545f5956, org.springframework.boot.test.autoconfigure.SpringBootDependencyInjectionTestExecutionListener@6add648b, org.springframework.test.context.support.DirtiesContextTestExecutionListener@9f18968, org.springframework.test.context.transaction.TransactionalTestExecutionListener@1d4914b9, org.springframework.test.context.jdbc.SqlScriptsTestExecutionListener@33727baf, org.springframework.security.test.context.support.WithSecurityContextTestExecutionListener@328ab876, org.springframework.test.context.event.EventPublishingTestExecutionListener@37b5cd86, org.springframework.security.test.context.support.ReactorContextTestExecutionListener@628ceb15, org.springframework.boot.test.autoconfigure.restdocs.RestDocsTestExecutionListener@42834be8, org.springframework.boot.test.autoconfigure.web.client.MockRestServiceServerResetTestExecutionListener@25ad12c6, org.springframework.boot.test.autoconfigure.web.servlet.MockMvcPrintOnlyOnFailureTestExecutionListener@3c6d2208, org.springframework.boot.test.autoconfigure.web.servlet.WebDriverTestExecutionListener@39bca2d3, org.springframework.boot.test.autoconfigure.webservices.client.MockWebServiceServerTestExecutionListener@61b86207, org.springframework.boot.test.mock.mockito.ResetMocksTestExecutionListener@2c4e77d4]

  .   ____          _            __ _ _
 /\\ / ___'_ __ _ _(_)_ __  __ _ \ \ \ \
( ( )\___ | '_ | '_| | '_ \/ _` | \ \ \ \
 \\/  ___)| |_)| | | | | || (_| |  ) ) ) )
  '  |____| .__|_| |_|_| |_\__, | / / / /
 =========|_|==============|___/=/_/_/_/
 :: Spring Boot ::                (v2.5.2)

2021-08-12 21:32:03.584  INFO 25836 --- [    Test worker] c.B.o.controller.UserApiControllerTest   : Starting UserApiControllerTest using Java 11.0.1 on DESKTOP-H7093P3 with PID 25836 (started by juhyu in C:\ssafy-common-sub3\BackEnd)
2021-08-12 21:32:03.585  INFO 25836 --- [    Test worker] c.B.o.controller.UserApiControllerTest   : No active profile set, falling back to default profiles: default
2021-08-12 21:32:04.390  INFO 25836 --- [    Test worker] .s.s.UserDetailsServiceAutoConfiguration : 

Using generated security password: 6e3be689-d2ac-47be-a50b-b04df9159457

2021-08-12 21:32:04.530  INFO 25836 --- [    Test worker] o.s.s.web.DefaultSecurityFilterChain     : Will secure any request with [org.springframework.security.web.context.request.async.WebAsyncManagerIntegrationFilter@332a7eca, org.springframework.security.web.context.SecurityContextPersistenceFilter@199ca0a4, org.springframework.security.web.header.HeaderWriterFilter@5c50a721, org.springframework.security.web.csrf.CsrfFilter@157f1fc4, org.springframework.security.web.authentication.logout.LogoutFilter@727d6984, org.springframework.security.web.authentication.UsernamePasswordAuthenticationFilter@69fea361, org.springframework.security.web.authentication.ui.DefaultLoginPageGeneratingFilter@7321f0b, org.springframework.security.web.authentication.ui.DefaultLogoutPageGeneratingFilter@2f861b2e, org.springframework.security.web.authentication.www.BasicAuthenticationFilter@5433db2d, org.springframework.security.web.savedrequest.RequestCacheAwareFilter@232ad202, org.springframework.security.web.servletapi.SecurityContextHolderAwareRequestFilter@7a1a00e9, org.springframework.security.web.authentication.AnonymousAuthenticationFilter@33ff5014, org.springframework.security.web.session.SessionManagementFilter@74f010c1, org.springframework.security.web.access.ExceptionTranslationFilter@3e72d78, org.springframework.security.web.access.intercept.FilterSecurityInterceptor@6eae53c2]
2021-08-12 21:32:04.593  INFO 25836 --- [    Test worker] o.s.b.t.m.w.SpringBootMockServletContext : Initializing Spring TestDispatcherServlet ''
2021-08-12 21:32:04.593  INFO 25836 --- [    Test worker] o.s.t.web.servlet.TestDispatcherServlet  : Initializing Servlet ''
2021-08-12 21:32:04.593  INFO 25836 --- [    Test worker] o.s.t.web.servlet.TestDispatcherServlet  : Completed initialization in 0 ms
2021-08-12 21:32:04.608  INFO 25836 --- [    Test worker] c.B.o.controller.UserApiControllerTest   : Started UserApiControllerTest in 1.053 seconds (JVM running for 7.916)
2021-08-12 21:32:04.616  INFO 25836 --- [    Test worker] o.s.b.t.m.w.SpringBootMockServletContext : Initializing Spring TestDispatcherServlet ''
2021-08-12 21:32:04.617  INFO 25836 --- [    Test worker] o.s.t.web.servlet.TestDispatcherServlet  : Initializing Servlet ''
2021-08-12 21:32:04.617  INFO 25836 --- [    Test worker] o.s.t.web.servlet.TestDispatcherServlet  : Completed initialization in 0 ms

MockHttpServletRequest:
      HTTP Method = POST
      Request URI = /api/user
       Parameters = {}
          Headers = [Content-Type:"application/json;charset=UTF-8", Content-Length:"352"]
             Body = {"email":"hello@naver.com","password":"asdasd","username":"juhu","nickname":"juhu","gender":0,"tel":"010-0000-0000","zipCode":"12345","street":"road 17","detailedAddress":"juhu","role":"ROLE_PTTEACHER","monthlyHeights":null,"monthlyWeights":null,"major":"재활","certificates":[],"careers":[],"price":1000,"description":"트레이너","snsAddrs":null}
    Session Attrs = {}

Handler:
             Type = com.B305.ogym.controller.UserApiController
           Method = com.B305.ogym.controller.UserApiController#signup(SaveUserRequest)

Async:
    Async started = false
     Async result = null

Resolved Exception:
             Type = com.B305.ogym.exception.user.UserDuplicateNicknameException

ModelAndView:
        View name = null
             View = null
            Model = null

FlashMap:
       Attributes = null

MockHttpServletResponse:
           Status = 409
    Error message = null
          Headers = [Content-Type:"text/plain;charset=UTF-8", Content-Length:"29"]
     Content type = text/plain;charset=UTF-8
             Body = 중복된 닉네임입니다.
    Forwarded URL = null
   Redirected URL = null
          Cookies = []
2021-08-12 21:32:04.763  INFO 25836 --- [    Test worker] o.s.b.t.m.w.SpringBootMockServletContext : Initializing Spring TestDispatcherServlet ''
2021-08-12 21:32:04.763  INFO 25836 --- [    Test worker] o.s.t.web.servlet.TestDispatcherServlet  : Initializing Servlet ''
2021-08-12 21:32:04.763  INFO 25836 --- [    Test worker] o.s.t.web.servlet.TestDispatcherServlet  : Completed initialization in 0 ms

MockHttpServletRequest:
      HTTP Method = POST
      Request URI = /api/user
       Parameters = {}
          Headers = [Content-Type:"application/json;charset=UTF-8", Content-Length:"352"]
             Body = {"email":"hello@naver.com","password":"asdasd","username":"juhu","nickname":"juhu","gender":0,"tel":"010-0000-0000","zipCode":"12345","street":"road 17","detailedAddress":"juhu","role":"ROLE_PTTEACHER","monthlyHeights":null,"monthlyWeights":null,"major":"재활","certificates":[],"careers":[],"price":1000,"description":"트레이너","snsAddrs":null}
    Session Attrs = {}

Handler:
             Type = com.B305.ogym.controller.UserApiController
           Method = com.B305.ogym.controller.UserApiController#signup(SaveUserRequest)

Async:
    Async started = false
     Async result = null

Resolved Exception:
             Type = com.B305.ogym.exception.user.UserDuplicateEmailException

ModelAndView:
        View name = null
             View = null
            Model = null

FlashMap:
       Attributes = null

MockHttpServletResponse:
           Status = 409
    Error message = null
          Headers = [Content-Type:"text/plain;charset=UTF-8", Content-Length:"29"]
     Content type = text/plain;charset=UTF-8
             Body = 중복된 이메일입니다.
    Forwarded URL = null
   Redirected URL = null
          Cookies = []
2021-08-12 21:32:04.794  INFO 25836 --- [    Test worker] o.s.b.t.m.w.SpringBootMockServletContext : Initializing Spring TestDispatcherServlet ''
2021-08-12 21:32:04.794  INFO 25836 --- [    Test worker] o.s.t.web.servlet.TestDispatcherServlet  : Initializing Servlet ''
2021-08-12 21:32:04.795  INFO 25836 --- [    Test worker] o.s.t.web.servlet.TestDispatcherServlet  : Completed initialization in 1 ms

MockHttpServletRequest:
      HTTP Method = DELETE
      Request URI = /api/user
       Parameters = {}
          Headers = [Authorization:"overStringLength7"]
             Body = null
    Session Attrs = {}

Handler:
             Type = com.B305.ogym.controller.UserApiController
           Method = com.B305.ogym.controller.UserApiController#deleteMyUser(UserBase, HttpServletRequest)

Async:
    Async started = false
     Async result = null

Resolved Exception:
             Type = null

ModelAndView:
        View name = null
             View = null
            Model = null

FlashMap:
       Attributes = null

MockHttpServletResponse:
           Status = 200
    Error message = null
          Headers = [Content-Type:"application/json;charset=UTF-8"]
     Content type = application/json;charset=UTF-8
             Body = {"statusCode":200,"message":"회원정보 삭제에 성공했습니다","data":{}}
    Forwarded URL = null
   Redirected URL = null
          Cookies = []
2021-08-12 21:32:04.825  INFO 25836 --- [    Test worker] o.s.b.t.m.w.SpringBootMockServletContext : Initializing Spring TestDispatcherServlet ''
2021-08-12 21:32:04.825  INFO 25836 --- [    Test worker] o.s.t.web.servlet.TestDispatcherServlet  : Initializing Servlet ''
2021-08-12 21:32:04.826  INFO 25836 --- [    Test worker] o.s.t.web.servlet.TestDispatcherServlet  : Completed initialization in 1 ms

MockHttpServletRequest:
      HTTP Method = POST
      Request URI = /api/user
       Parameters = {}
          Headers = [Content-Type:"application/json;charset=UTF-8", Content-Length:"445"]
             Body = {"email":"hello@naver.com","password":"asdasd","username":"한솥","nickname":"nononoo1","gender":0,"tel":"010-0000-0000","zipCode":"12345","street":"도로명","detailedAddress":"상세주소","role":"ROLE_PTSTUDENT","monthlyHeights":[180,200,210,180,200,210,180,200,210,180,200,210],"monthlyWeights":[180,200,210,180,200,210,180,200,210,180,200,210],"major":null,"certificates":null,"careers":null,"price":0,"description":null,"snsAddrs":null}
    Session Attrs = {}

Handler:
             Type = com.B305.ogym.controller.UserApiController
           Method = com.B305.ogym.controller.UserApiController#signup(SaveUserRequest)

Async:
    Async started = false
     Async result = null

Resolved Exception:
             Type = null

ModelAndView:
        View name = null
             View = null
            Model = null

FlashMap:
       Attributes = null

MockHttpServletResponse:
           Status = 201
    Error message = null
          Headers = [Content-Type:"application/json;charset=UTF-8"]
     Content type = application/json;charset=UTF-8
             Body = {"statusCode":201,"message":"회원 가입에 성공했습니다.","data":{}}
    Forwarded URL = null
   Redirected URL = null
          Cookies = []
2021-08-12 21:32:04.888  INFO 25836 --- [    Test worker] o.s.b.t.m.w.SpringBootMockServletContext : Initializing Spring TestDispatcherServlet ''
2021-08-12 21:32:04.888  INFO 25836 --- [    Test worker] o.s.t.web.servlet.TestDispatcherServlet  : Initializing Servlet ''
2021-08-12 21:32:04.889  INFO 25836 --- [    Test worker] o.s.t.web.servlet.TestDispatcherServlet  : Completed initialization in 1 ms

MockHttpServletRequest:
      HTTP Method = DELETE
      Request URI = /api/user
       Parameters = {}
          Headers = [Authorization:"overStringLength7"]
             Body = null
    Session Attrs = {}

Handler:
             Type = com.B305.ogym.controller.UserApiController
           Method = com.B305.ogym.controller.UserApiController#deleteMyUser(UserBase, HttpServletRequest)

Async:
    Async started = false
     Async result = null

Resolved Exception:
             Type = com.B305.ogym.exception.user.UserNotFoundException

ModelAndView:
        View name = null
             View = null
            Model = null

FlashMap:
       Attributes = null

MockHttpServletResponse:
           Status = 404
    Error message = null
          Headers = [Content-Type:"text/plain;charset=UTF-8", Content-Length:"72"]
     Content type = text/plain;charset=UTF-8
             Body = 가입하지 않은 아이디이거나, 잘못된 비밀번호입니다.
    Forwarded URL = null
   Redirected URL = null
          Cookies = []
2021-08-12 21:32:04.914  INFO 25836 --- [    Test worker] o.s.b.t.m.w.SpringBootMockServletContext : Initializing Spring TestDispatcherServlet ''
2021-08-12 21:32:04.914  INFO 25836 --- [    Test worker] o.s.t.web.servlet.TestDispatcherServlet  : Initializing Servlet ''
2021-08-12 21:32:04.915  INFO 25836 --- [    Test worker] o.s.t.web.servlet.TestDispatcherServlet  : Completed initialization in 1 ms

MockHttpServletRequest:
      HTTP Method = DELETE
      Request URI = /api/user
       Parameters = {}
          Headers = [Authorization:"overStringLength7"]
             Body = null
    Session Attrs = {}

Handler:
             Type = com.B305.ogym.controller.UserApiController
           Method = com.B305.ogym.controller.UserApiController#deleteMyUser(UserBase, HttpServletRequest)

Async:
    Async started = false
     Async result = null

Resolved Exception:
             Type = null

ModelAndView:
        View name = null
             View = null
            Model = null

FlashMap:
       Attributes = null

MockHttpServletResponse:
           Status = 200
    Error message = null
          Headers = [Content-Type:"application/json;charset=UTF-8"]
     Content type = application/json;charset=UTF-8
             Body = {"statusCode":200,"message":"회원정보 삭제에 성공했습니다","data":{}}
    Forwarded URL = null
   Redirected URL = null
          Cookies = []
2021-08-12 21:32:04.939  INFO 25836 --- [    Test worker] o.s.b.t.m.w.SpringBootMockServletContext : Initializing Spring TestDispatcherServlet ''
2021-08-12 21:32:04.939  INFO 25836 --- [    Test worker] o.s.t.web.servlet.TestDispatcherServlet  : Initializing Servlet ''
2021-08-12 21:32:04.940  INFO 25836 --- [    Test worker] o.s.t.web.servlet.TestDispatcherServlet  : Completed initialization in 1 ms

MockHttpServletRequest:
      HTTP Method = POST
      Request URI = /api/user
       Parameters = {}
          Headers = [Content-Type:"application/json;charset=UTF-8", Content-Length:"352"]
             Body = {"email":"hello@naver.com","password":"asdasd","username":"juhu","nickname":"juhu","gender":0,"tel":"010-0000-0000","zipCode":"12345","street":"road 17","detailedAddress":"juhu","role":"ROLE_PTTEACHER","monthlyHeights":null,"monthlyWeights":null,"major":"재활","certificates":[],"careers":[],"price":1000,"description":"트레이너","snsAddrs":null}
    Session Attrs = {}

Handler:
             Type = com.B305.ogym.controller.UserApiController
           Method = com.B305.ogym.controller.UserApiController#signup(SaveUserRequest)

Async:
    Async started = false
     Async result = null

Resolved Exception:
             Type = null

ModelAndView:
        View name = null
             View = null
            Model = null

FlashMap:
       Attributes = null

MockHttpServletResponse:
           Status = 201
    Error message = null
          Headers = [Content-Type:"application/json;charset=UTF-8"]
     Content type = application/json;charset=UTF-8
             Body = {"statusCode":201,"message":"회원 가입에 성공했습니다.","data":{}}
    Forwarded URL = null
   Redirected URL = null
          Cookies = []
2021-08-12 21:32:04.979  INFO 25836 --- [    Test worker] o.s.b.t.m.w.SpringBootMockServletContext : Initializing Spring TestDispatcherServlet ''
2021-08-12 21:32:04.980  INFO 25836 --- [    Test worker] o.s.t.web.servlet.TestDispatcherServlet  : Initializing Servlet ''
2021-08-12 21:32:04.980  INFO 25836 --- [    Test worker] o.s.t.web.servlet.TestDispatcherServlet  : Completed initialization in 0 ms

MockHttpServletRequest:
      HTTP Method = DELETE
      Request URI = /api/user
       Parameters = {}
          Headers = [Authorization:"overStringLength7"]
             Body = null
    Session Attrs = {}

Handler:
             Type = com.B305.ogym.controller.UserApiController
           Method = com.B305.ogym.controller.UserApiController#deleteMyUser(UserBase, HttpServletRequest)

Async:
    Async started = false
     Async result = null

Resolved Exception:
             Type = com.B305.ogym.exception.user.UserNotFoundException

ModelAndView:
        View name = null
             View = null
            Model = null

FlashMap:
       Attributes = null

MockHttpServletResponse:
           Status = 404
    Error message = null
          Headers = [Content-Type:"text/plain;charset=UTF-8", Content-Length:"72"]
     Content type = text/plain;charset=UTF-8
             Body = 가입하지 않은 아이디이거나, 잘못된 비밀번호입니다.
    Forwarded URL = null
   Redirected URL = null
          Cookies = []
2021-08-12 21:32:05.001  INFO 25836 --- [    Test worker] o.s.b.t.m.w.SpringBootMockServletContext : Initializing Spring TestDispatcherServlet ''
2021-08-12 21:32:05.001  INFO 25836 --- [    Test worker] o.s.t.web.servlet.TestDispatcherServlet  : Initializing Servlet ''
2021-08-12 21:32:05.002  INFO 25836 --- [    Test worker] o.s.t.web.servlet.TestDispatcherServlet  : Completed initialization in 1 ms

MockHttpServletRequest:
      HTTP Method = GET
      Request URI = /api/user/id,email
       Parameters = {}
          Headers = [Authorization:"overStringLength7"]
             Body = null
    Session Attrs = {}

Handler:
             Type = com.B305.ogym.controller.UserApiController
           Method = com.B305.ogym.controller.UserApiController#getUserInfo(UserBase, List)

Async:
    Async started = false
     Async result = null

Resolved Exception:
             Type = null

ModelAndView:
        View name = null
             View = null
            Model = null

FlashMap:
       Attributes = null

MockHttpServletResponse:
           Status = 200
    Error message = null
          Headers = [Content-Type:"application/json;charset=UTF-8"]
     Content type = application/json;charset=UTF-8
             Body = {"statusCode":200,"message":"회원 정보를 불러오는데 성공했습니다","data":{"id":1,"email":"teacher@naver.com"}}
    Forwarded URL = null
   Redirected URL = null
          Cookies = []
]]></system-out>
  <system-err><![CDATA[]]></system-err>
</testsuite>
