<?xml version="1.0" encoding="UTF-8"?>
<testsuite name="com.B305.ogym.controller.HealthApiControllerTest" tests="3" skipped="0" failures="0" errors="0" timestamp="2021-08-17T10:10:59" hostname="DESKTOP-H7093P3" time="0.152">
  <properties/>
  <testcase name="내 건강 정보 확인 - 성공" classname="com.B305.ogym.controller.HealthApiControllerTest" time="0.107"/>
  <testcase name="내 건강 정보 확인 - 실패" classname="com.B305.ogym.controller.HealthApiControllerTest" time="0.016"/>
  <testcase name="내 학생들의 건강 정보 확인 - 성공" classname="com.B305.ogym.controller.HealthApiControllerTest" time="0.026"/>
  <system-out><![CDATA[2021-08-17 19:10:58.239  INFO 14828 --- [    Test worker] .b.t.a.w.s.WebMvcTestContextBootstrapper : Neither @ContextConfiguration nor @ContextHierarchy found for test class [com.B305.ogym.controller.HealthApiControllerTest], using SpringBootContextLoader
2021-08-17 19:10:58.240  INFO 14828 --- [    Test worker] o.s.t.c.support.AbstractContextLoader    : Could not detect default resource locations for test class [com.B305.ogym.controller.HealthApiControllerTest]: no resource found for suffixes {-context.xml, Context.groovy}.
2021-08-17 19:10:58.240  INFO 14828 --- [    Test worker] t.c.s.AnnotationConfigContextLoaderUtils : Could not detect default configuration classes for test class [com.B305.ogym.controller.HealthApiControllerTest]: HealthApiControllerTest does not declare any static, non-private, non-final, nested classes annotated with @Configuration.
2021-08-17 19:10:58.244  INFO 14828 --- [    Test worker] .b.t.c.SpringBootTestContextBootstrapper : Found @SpringBootConfiguration com.B305.ogym.OgymApplication for test class com.B305.ogym.controller.HealthApiControllerTest
2021-08-17 19:10:58.245  INFO 14828 --- [    Test worker] .b.t.a.w.s.WebMvcTestContextBootstrapper : Loaded default TestExecutionListener class names from location [META-INF/spring.factories]: [org.springframework.security.test.context.support.WithSecurityContextTestExecutionListener, org.springframework.security.test.context.support.ReactorContextTestExecutionListener, org.springframework.boot.test.autoconfigure.restdocs.RestDocsTestExecutionListener, org.springframework.boot.test.autoconfigure.web.client.MockRestServiceServerResetTestExecutionListener, org.springframework.boot.test.autoconfigure.web.servlet.MockMvcPrintOnlyOnFailureTestExecutionListener, org.springframework.boot.test.autoconfigure.web.servlet.WebDriverTestExecutionListener, org.springframework.boot.test.autoconfigure.webservices.client.MockWebServiceServerTestExecutionListener, org.springframework.boot.test.mock.mockito.MockitoTestExecutionListener, org.springframework.boot.test.mock.mockito.ResetMocksTestExecutionListener, org.springframework.test.context.web.ServletTestExecutionListener, org.springframework.test.context.support.DirtiesContextBeforeModesTestExecutionListener, org.springframework.test.context.event.ApplicationEventsTestExecutionListener, org.springframework.test.context.support.DependencyInjectionTestExecutionListener, org.springframework.test.context.support.DirtiesContextTestExecutionListener, org.springframework.test.context.transaction.TransactionalTestExecutionListener, org.springframework.test.context.jdbc.SqlScriptsTestExecutionListener, org.springframework.test.context.event.EventPublishingTestExecutionListener]
2021-08-17 19:10:58.245  INFO 14828 --- [    Test worker] .b.t.a.w.s.WebMvcTestContextBootstrapper : Using TestExecutionListeners: [org.springframework.test.context.web.ServletTestExecutionListener@5c726377, org.springframework.test.context.support.DirtiesContextBeforeModesTestExecutionListener@66a92aef, org.springframework.test.context.event.ApplicationEventsTestExecutionListener@493fd441, org.springframework.boot.test.mock.mockito.MockitoTestExecutionListener@5284198a, org.springframework.boot.test.autoconfigure.SpringBootDependencyInjectionTestExecutionListener@1da2a176, org.springframework.test.context.support.DirtiesContextTestExecutionListener@32f30e7f, org.springframework.test.context.transaction.TransactionalTestExecutionListener@55959bc, org.springframework.test.context.jdbc.SqlScriptsTestExecutionListener@776348d4, org.springframework.security.test.context.support.WithSecurityContextTestExecutionListener@7fc2ee5f, org.springframework.test.context.event.EventPublishingTestExecutionListener@5568872e, org.springframework.security.test.context.support.ReactorContextTestExecutionListener@1ab3b086, org.springframework.boot.test.autoconfigure.restdocs.RestDocsTestExecutionListener@777b6eec, org.springframework.boot.test.autoconfigure.web.client.MockRestServiceServerResetTestExecutionListener@1f23c64a, org.springframework.boot.test.autoconfigure.web.servlet.MockMvcPrintOnlyOnFailureTestExecutionListener@ee37377, org.springframework.boot.test.autoconfigure.web.servlet.WebDriverTestExecutionListener@9d3c5ad, org.springframework.boot.test.autoconfigure.webservices.client.MockWebServiceServerTestExecutionListener@2573c675, org.springframework.boot.test.mock.mockito.ResetMocksTestExecutionListener@24e35507]

  .   ____          _            __ _ _
 /\\ / ___'_ __ _ _(_)_ __  __ _ \ \ \ \
( ( )\___ | '_ | '_| | '_ \/ _` | \ \ \ \
 \\/  ___)| |_)| | | | | || (_| |  ) ) ) )
  '  |____| .__|_| |_|_| |_\__, | / / / /
 =========|_|==============|___/=/_/_/_/
 :: Spring Boot ::                (v2.5.2)

2021-08-17 19:10:58.292  INFO 14828 --- [    Test worker] c.B.o.c.HealthApiControllerTest          : Starting HealthApiControllerTest using Java 11.0.1 on DESKTOP-H7093P3 with PID 14828 (started by juhyu in C:\ssafy-common-sub3\BackEnd)
2021-08-17 19:10:58.293  INFO 14828 --- [    Test worker] c.B.o.c.HealthApiControllerTest          : No active profile set, falling back to default profiles: default
2021-08-17 19:10:59.101  INFO 14828 --- [    Test worker] .s.s.UserDetailsServiceAutoConfiguration : 

Using generated security password: 81e473b4-918c-4621-8ffd-49663f49eb1f

2021-08-17 19:10:59.244  INFO 14828 --- [    Test worker] o.s.s.web.DefaultSecurityFilterChain     : Will secure any request with [org.springframework.security.web.context.request.async.WebAsyncManagerIntegrationFilter@7c738a86, org.springframework.security.web.context.SecurityContextPersistenceFilter@6a0c99dc, org.springframework.security.web.header.HeaderWriterFilter@16fd96a8, org.springframework.security.web.csrf.CsrfFilter@5d4f86ca, org.springframework.security.web.authentication.logout.LogoutFilter@6b31abc4, org.springframework.security.web.authentication.UsernamePasswordAuthenticationFilter@5579d022, org.springframework.security.web.authentication.ui.DefaultLoginPageGeneratingFilter@7c73a0c2, org.springframework.security.web.authentication.ui.DefaultLogoutPageGeneratingFilter@7662e10f, org.springframework.security.web.authentication.www.BasicAuthenticationFilter@31f401bb, org.springframework.security.web.savedrequest.RequestCacheAwareFilter@758c5b23, org.springframework.security.web.servletapi.SecurityContextHolderAwareRequestFilter@fbecbec, org.springframework.security.web.authentication.AnonymousAuthenticationFilter@6d01d721, org.springframework.security.web.session.SessionManagementFilter@4b543faa, org.springframework.security.web.access.ExceptionTranslationFilter@5e9820ee, org.springframework.security.web.access.intercept.FilterSecurityInterceptor@fe0bf78]
2021-08-17 19:10:59.301  INFO 14828 --- [    Test worker] o.s.b.t.m.w.SpringBootMockServletContext : Initializing Spring TestDispatcherServlet ''
2021-08-17 19:10:59.302  INFO 14828 --- [    Test worker] o.s.t.web.servlet.TestDispatcherServlet  : Initializing Servlet ''
2021-08-17 19:10:59.302  INFO 14828 --- [    Test worker] o.s.t.web.servlet.TestDispatcherServlet  : Completed initialization in 0 ms
2021-08-17 19:10:59.317  INFO 14828 --- [    Test worker] c.B.o.c.HealthApiControllerTest          : Started HealthApiControllerTest in 1.068 seconds (JVM running for 6.672)
2021-08-17 19:10:59.335  INFO 14828 --- [    Test worker] o.s.b.t.m.w.SpringBootMockServletContext : Initializing Spring TestDispatcherServlet ''
2021-08-17 19:10:59.335  INFO 14828 --- [    Test worker] o.s.t.web.servlet.TestDispatcherServlet  : Initializing Servlet ''
2021-08-17 19:10:59.336  INFO 14828 --- [    Test worker] o.s.t.web.servlet.TestDispatcherServlet  : Completed initialization in 1 ms

MockHttpServletRequest:
      HTTP Method = GET
      Request URI = /api/health/myhealth
       Parameters = {}
          Headers = [Authorization:"JWT ACCESS TOKEN"]
             Body = null
    Session Attrs = {}

Handler:
             Type = com.B305.ogym.controller.HealthApiController
           Method = com.B305.ogym.controller.HealthApiController#getMyHealth(String)

Async:
    Async started = false
     Async result = null

Resolved Exception:
             Type = null

ModelAndView:
        View name = null
             View = null
            Model = null

FlashMap:
       Attributes = null

MockHttpServletResponse:
           Status = 200
    Error message = null
          Headers = [Content-Type:"application/json;charset=UTF-8"]
     Content type = application/json;charset=UTF-8
             Body = {"statusCode":200,"message":"건강정보 조회에 성공했습니다.","data":{"heightList":[160,160,160,160,160,161],"weightList":[44,43,46,42,43,40]}}
    Forwarded URL = null
   Redirected URL = null
          Cookies = []
2021-08-17 19:10:59.434  INFO 14828 --- [    Test worker] o.s.b.t.m.w.SpringBootMockServletContext : Initializing Spring TestDispatcherServlet ''
2021-08-17 19:10:59.434  INFO 14828 --- [    Test worker] o.s.t.web.servlet.TestDispatcherServlet  : Initializing Servlet ''
2021-08-17 19:10:59.434  INFO 14828 --- [    Test worker] o.s.t.web.servlet.TestDispatcherServlet  : Completed initialization in 0 ms

MockHttpServletRequest:
      HTTP Method = GET
      Request URI = /api/health/myhealth
       Parameters = {}
          Headers = [Authorization:"JWT ACCESS TOKEN"]
             Body = null
    Session Attrs = {}

Handler:
             Type = com.B305.ogym.controller.HealthApiController
           Method = com.B305.ogym.controller.HealthApiController#getMyHealth(String)

Async:
    Async started = false
     Async result = null

Resolved Exception:
             Type = com.B305.ogym.exception.user.UserNotFoundException

ModelAndView:
        View name = null
             View = null
            Model = null

FlashMap:
       Attributes = null

MockHttpServletResponse:
           Status = 404
    Error message = null
          Headers = [Content-Type:"text/plain;charset=UTF-8", Content-Length:"72"]
     Content type = text/plain;charset=UTF-8
             Body = 가입하지 않은 아이디이거나, 잘못된 비밀번호입니다.
    Forwarded URL = null
   Redirected URL = null
          Cookies = []
2021-08-17 19:10:59.451  INFO 14828 --- [    Test worker] o.s.b.t.m.w.SpringBootMockServletContext : Initializing Spring TestDispatcherServlet ''
2021-08-17 19:10:59.451  INFO 14828 --- [    Test worker] o.s.t.web.servlet.TestDispatcherServlet  : Initializing Servlet ''
2021-08-17 19:10:59.452  INFO 14828 --- [    Test worker] o.s.t.web.servlet.TestDispatcherServlet  : Completed initialization in 1 ms

MockHttpServletRequest:
      HTTP Method = GET
      Request URI = /api/health/mystudents
       Parameters = {}
          Headers = [Authorization:"JWT ACCESS TOKEN"]
             Body = null
    Session Attrs = {}

Handler:
             Type = com.B305.ogym.controller.HealthApiController
           Method = com.B305.ogym.controller.HealthApiController#getMyStudentsHealth(String)

Async:
    Async started = false
     Async result = null

Resolved Exception:
             Type = null

ModelAndView:
        View name = null
             View = null
            Model = null

FlashMap:
       Attributes = null

MockHttpServletResponse:
           Status = 200
    Error message = null
          Headers = [Content-Type:"application/json;charset=UTF-8"]
     Content type = application/json;charset=UTF-8
             Body = {"statusCode":200,"message":"건강정보 조회에 성공했습니다.","data":{"studentHealthList":[{"username":"김지우","nickname":"츄","age":21,"gender":"WOMAN","profileUrl":null,"heightList":[160,160,160,160,160,161],"weightList":[44,43,46,42,43,40]}]}}
    Forwarded URL = null
   Redirected URL = null
          Cookies = []
]]></system-out>
  <system-err><![CDATA[]]></system-err>
</testsuite>
