<?xml version="1.0" encoding="UTF-8"?>
<testsuite name="com.B305.ogym.controller.UserApiControllerTest" tests="11" skipped="0" failures="0" errors="0" timestamp="2021-08-18T13:47:59" hostname="DESKTOP-H7093P3" time="0.417">
  <properties/>
  <testcase name="회원 정보조회 - 이메일이 존재하지 않아 정보조회 실패" classname="com.B305.ogym.controller.UserApiControllerTest" time="0.036"/>
  <testcase name="유저 회원가입 - 닉네임 중복으로 인한 회원가입 실패" classname="com.B305.ogym.controller.UserApiControllerTest" time="0.12"/>
  <testcase name="유저 회원가입 - 이메일 중복으로 인한 회원가입 실패" classname="com.B305.ogym.controller.UserApiControllerTest" time="0.023"/>
  <testcase name="학생 회원탈퇴 - 회원탈퇴 성공" classname="com.B305.ogym.controller.UserApiControllerTest" time="0.036"/>
  <testcase name="학생 회원가입 - 모든 유효성 검사에 통과했다면 회원가입 성공" classname="com.B305.ogym.controller.UserApiControllerTest" time="0.051"/>
  <testcase name="학생 회원탈퇴 - 존재하지 않는 이메일로 인한 회원탈퇴 실패(이미 탈퇴한 회원)" classname="com.B305.ogym.controller.UserApiControllerTest" time="0.03"/>
  <testcase name="유저 프로필 이미지 등록 - 성공" classname="com.B305.ogym.controller.UserApiControllerTest" time="0.023"/>
  <testcase name="선생님 회원탈퇴 - 회원탈퇴 성공" classname="com.B305.ogym.controller.UserApiControllerTest" time="0.02"/>
  <testcase name="선생님 회원가입 - 모든 유효성 검사에 통과했다면 회원가입 성공" classname="com.B305.ogym.controller.UserApiControllerTest" time="0.027"/>
  <testcase name="학생 회원탈퇴 - 존재하지 않는 이메일로 인한 회원탈퇴 실패(이미 탈퇴한 회원)" classname="com.B305.ogym.controller.UserApiControllerTest" time="0.021"/>
  <testcase name="회원 정보조회 - 정보조회 성공" classname="com.B305.ogym.controller.UserApiControllerTest" time="0.022"/>
  <system-out><![CDATA[2021-08-18 22:47:58.767  INFO 22392 --- [    Test worker] .b.t.a.w.s.WebMvcTestContextBootstrapper : Neither @ContextConfiguration nor @ContextHierarchy found for test class [com.B305.ogym.controller.UserApiControllerTest], using SpringBootContextLoader
2021-08-18 22:47:58.768  INFO 22392 --- [    Test worker] o.s.t.c.support.AbstractContextLoader    : Could not detect default resource locations for test class [com.B305.ogym.controller.UserApiControllerTest]: no resource found for suffixes {-context.xml, Context.groovy}.
2021-08-18 22:47:58.768  INFO 22392 --- [    Test worker] t.c.s.AnnotationConfigContextLoaderUtils : Could not detect default configuration classes for test class [com.B305.ogym.controller.UserApiControllerTest]: UserApiControllerTest does not declare any static, non-private, non-final, nested classes annotated with @Configuration.
2021-08-18 22:47:58.771  INFO 22392 --- [    Test worker] .b.t.c.SpringBootTestContextBootstrapper : Found @SpringBootConfiguration com.B305.ogym.OgymApplication for test class com.B305.ogym.controller.UserApiControllerTest
2021-08-18 22:47:58.771  INFO 22392 --- [    Test worker] .b.t.a.w.s.WebMvcTestContextBootstrapper : Loaded default TestExecutionListener class names from location [META-INF/spring.factories]: [org.springframework.security.test.context.support.WithSecurityContextTestExecutionListener, org.springframework.security.test.context.support.ReactorContextTestExecutionListener, org.springframework.boot.test.autoconfigure.restdocs.RestDocsTestExecutionListener, org.springframework.boot.test.autoconfigure.web.client.MockRestServiceServerResetTestExecutionListener, org.springframework.boot.test.autoconfigure.web.servlet.MockMvcPrintOnlyOnFailureTestExecutionListener, org.springframework.boot.test.autoconfigure.web.servlet.WebDriverTestExecutionListener, org.springframework.boot.test.autoconfigure.webservices.client.MockWebServiceServerTestExecutionListener, org.springframework.boot.test.mock.mockito.MockitoTestExecutionListener, org.springframework.boot.test.mock.mockito.ResetMocksTestExecutionListener, org.springframework.test.context.web.ServletTestExecutionListener, org.springframework.test.context.support.DirtiesContextBeforeModesTestExecutionListener, org.springframework.test.context.event.ApplicationEventsTestExecutionListener, org.springframework.test.context.support.DependencyInjectionTestExecutionListener, org.springframework.test.context.support.DirtiesContextTestExecutionListener, org.springframework.test.context.transaction.TransactionalTestExecutionListener, org.springframework.test.context.jdbc.SqlScriptsTestExecutionListener, org.springframework.test.context.event.EventPublishingTestExecutionListener]
2021-08-18 22:47:58.772  INFO 22392 --- [    Test worker] .b.t.a.w.s.WebMvcTestContextBootstrapper : Using TestExecutionListeners: [org.springframework.test.context.web.ServletTestExecutionListener@4ef3a877, org.springframework.test.context.support.DirtiesContextBeforeModesTestExecutionListener@120f7746, org.springframework.test.context.event.ApplicationEventsTestExecutionListener@c0aebe4, org.springframework.boot.test.mock.mockito.MockitoTestExecutionListener@1955a4d, org.springframework.boot.test.autoconfigure.SpringBootDependencyInjectionTestExecutionListener@52f6ea18, org.springframework.test.context.support.DirtiesContextTestExecutionListener@3baa1247, org.springframework.test.context.transaction.TransactionalTestExecutionListener@60a49b1d, org.springframework.test.context.jdbc.SqlScriptsTestExecutionListener@4bc8f276, org.springframework.security.test.context.support.WithSecurityContextTestExecutionListener@2e8b673d, org.springframework.test.context.event.EventPublishingTestExecutionListener@45587081, org.springframework.security.test.context.support.ReactorContextTestExecutionListener@1e06744, org.springframework.boot.test.autoconfigure.restdocs.RestDocsTestExecutionListener@d377e4c, org.springframework.boot.test.autoconfigure.web.client.MockRestServiceServerResetTestExecutionListener@78f05258, org.springframework.boot.test.autoconfigure.web.servlet.MockMvcPrintOnlyOnFailureTestExecutionListener@7e2ae9bf, org.springframework.boot.test.autoconfigure.web.servlet.WebDriverTestExecutionListener@7cf26b79, org.springframework.boot.test.autoconfigure.webservices.client.MockWebServiceServerTestExecutionListener@4a01afb5, org.springframework.boot.test.mock.mockito.ResetMocksTestExecutionListener@3019463f]

  .   ____          _            __ _ _
 /\\ / ___'_ __ _ _(_)_ __  __ _ \ \ \ \
( ( )\___ | '_ | '_| | '_ \/ _` | \ \ \ \
 \\/  ___)| |_)| | | | | || (_| |  ) ) ) )
  '  |____| .__|_| |_|_| |_\__, | / / / /
 =========|_|==============|___/=/_/_/_/
 :: Spring Boot ::                (v2.5.2)

2021-08-18 22:47:58.807  INFO 22392 --- [    Test worker] c.B.o.controller.UserApiControllerTest   : Starting UserApiControllerTest using Java 11.0.1 on DESKTOP-H7093P3 with PID 22392 (started by juhyu in C:\ssafy-common-sub3\BackEnd)
2021-08-18 22:47:58.807  INFO 22392 --- [    Test worker] c.B.o.controller.UserApiControllerTest   : No active profile set, falling back to default profiles: default
2021-08-18 22:47:59.560  INFO 22392 --- [    Test worker] .s.s.UserDetailsServiceAutoConfiguration : 

Using generated security password: 7d9208ca-b87f-4592-b2fe-e52646cbfa72

2021-08-18 22:47:59.683  INFO 22392 --- [    Test worker] o.s.s.web.DefaultSecurityFilterChain     : Will secure any request with [org.springframework.security.web.context.request.async.WebAsyncManagerIntegrationFilter@a262896, org.springframework.security.web.context.SecurityContextPersistenceFilter@1458a9ac, org.springframework.security.web.header.HeaderWriterFilter@c1d10c2, org.springframework.security.web.csrf.CsrfFilter@116a0edf, org.springframework.security.web.authentication.logout.LogoutFilter@52adc8c3, org.springframework.security.web.authentication.UsernamePasswordAuthenticationFilter@f2d85e3, org.springframework.security.web.authentication.ui.DefaultLoginPageGeneratingFilter@63cfbfea, org.springframework.security.web.authentication.ui.DefaultLogoutPageGeneratingFilter@244b94f7, org.springframework.security.web.authentication.www.BasicAuthenticationFilter@4c48cf2c, org.springframework.security.web.savedrequest.RequestCacheAwareFilter@18253ed2, org.springframework.security.web.servletapi.SecurityContextHolderAwareRequestFilter@7cdab614, org.springframework.security.web.authentication.AnonymousAuthenticationFilter@47aa1f00, org.springframework.security.web.session.SessionManagementFilter@55055925, org.springframework.security.web.access.ExceptionTranslationFilter@391fc01, org.springframework.security.web.access.intercept.FilterSecurityInterceptor@23f1a65b]
2021-08-18 22:47:59.741  INFO 22392 --- [    Test worker] o.s.b.t.m.w.SpringBootMockServletContext : Initializing Spring TestDispatcherServlet ''
2021-08-18 22:47:59.742  INFO 22392 --- [    Test worker] o.s.t.web.servlet.TestDispatcherServlet  : Initializing Servlet ''
2021-08-18 22:47:59.742  INFO 22392 --- [    Test worker] o.s.t.web.servlet.TestDispatcherServlet  : Completed initialization in 0 ms
2021-08-18 22:47:59.755  INFO 22392 --- [    Test worker] c.B.o.controller.UserApiControllerTest   : Started UserApiControllerTest in 0.98 seconds (JVM running for 11.039)
2021-08-18 22:47:59.764  INFO 22392 --- [    Test worker] o.s.b.t.m.w.SpringBootMockServletContext : Initializing Spring TestDispatcherServlet ''
2021-08-18 22:47:59.764  INFO 22392 --- [    Test worker] o.s.t.web.servlet.TestDispatcherServlet  : Initializing Servlet ''
2021-08-18 22:47:59.764  INFO 22392 --- [    Test worker] o.s.t.web.servlet.TestDispatcherServlet  : Completed initialization in 0 ms

MockHttpServletRequest:
      HTTP Method = GET
      Request URI = /api/user/%5Bid,%20email%5D
       Parameters = {}
          Headers = [Authorization:"JWT ACCESS TOKEN"]
             Body = null
    Session Attrs = {}

Handler:
             Type = com.B305.ogym.controller.UserApiController
           Method = com.B305.ogym.controller.UserApiController#getUserInfo(String, List)

Async:
    Async started = false
     Async result = null

Resolved Exception:
             Type = com.B305.ogym.exception.user.UserNotFoundException

ModelAndView:
        View name = null
             View = null
            Model = null

FlashMap:
       Attributes = null

MockHttpServletResponse:
           Status = 404
    Error message = null
          Headers = [Content-Type:"text/plain;charset=UTF-8", Content-Length:"72"]
     Content type = text/plain;charset=UTF-8
             Body = 가입하지 않은 아이디이거나, 잘못된 비밀번호입니다.
    Forwarded URL = null
   Redirected URL = null
          Cookies = []
2021-08-18 22:47:59.797  INFO 22392 --- [    Test worker] o.s.b.t.m.w.SpringBootMockServletContext : Initializing Spring TestDispatcherServlet ''
2021-08-18 22:47:59.797  INFO 22392 --- [    Test worker] o.s.t.web.servlet.TestDispatcherServlet  : Initializing Servlet ''
2021-08-18 22:47:59.798  INFO 22392 --- [    Test worker] o.s.t.web.servlet.TestDispatcherServlet  : Completed initialization in 1 ms

MockHttpServletRequest:
      HTTP Method = POST
      Request URI = /api/user
       Parameters = {}
          Headers = [Content-Type:"application/json;charset=UTF-8", Content-Length:"359"]
             Body = {"email":"hello@naver.com","password":"asdasd","username":"juhu","age":20,"nickname":"juhu","gender":0,"tel":"010-0000-0000","zipCode":"12345","street":"road 17","detailedAddress":"juhu","role":"ROLE_PTTEACHER","monthlyHeights":null,"monthlyWeights":null,"major":"재활","certificates":[],"careers":[],"price":1000,"description":"트레이너","snsAddrs":[]}
    Session Attrs = {}

Handler:
             Type = com.B305.ogym.controller.UserApiController
           Method = com.B305.ogym.controller.UserApiController#signup(SaveUserRequest)

Async:
    Async started = false
     Async result = null

Resolved Exception:
             Type = com.B305.ogym.exception.user.UserDuplicateNicknameException

ModelAndView:
        View name = null
             View = null
            Model = null

FlashMap:
       Attributes = null

MockHttpServletResponse:
           Status = 409
    Error message = null
          Headers = [Content-Type:"text/plain;charset=UTF-8", Content-Length:"29"]
     Content type = text/plain;charset=UTF-8
             Body = 중복된 닉네임입니다.
    Forwarded URL = null
   Redirected URL = null
          Cookies = []
2021-08-18 22:47:59.917  INFO 22392 --- [    Test worker] o.s.b.t.m.w.SpringBootMockServletContext : Initializing Spring TestDispatcherServlet ''
2021-08-18 22:47:59.918  INFO 22392 --- [    Test worker] o.s.t.web.servlet.TestDispatcherServlet  : Initializing Servlet ''
2021-08-18 22:47:59.918  INFO 22392 --- [    Test worker] o.s.t.web.servlet.TestDispatcherServlet  : Completed initialization in 0 ms

MockHttpServletRequest:
      HTTP Method = POST
      Request URI = /api/user
       Parameters = {}
          Headers = [Content-Type:"application/json;charset=UTF-8", Content-Length:"359"]
             Body = {"email":"hello@naver.com","password":"asdasd","username":"juhu","age":20,"nickname":"juhu","gender":0,"tel":"010-0000-0000","zipCode":"12345","street":"road 17","detailedAddress":"juhu","role":"ROLE_PTTEACHER","monthlyHeights":null,"monthlyWeights":null,"major":"재활","certificates":[],"careers":[],"price":1000,"description":"트레이너","snsAddrs":[]}
    Session Attrs = {}

Handler:
             Type = com.B305.ogym.controller.UserApiController
           Method = com.B305.ogym.controller.UserApiController#signup(SaveUserRequest)

Async:
    Async started = false
     Async result = null

Resolved Exception:
             Type = com.B305.ogym.exception.user.UserDuplicateEmailException

ModelAndView:
        View name = null
             View = null
            Model = null

FlashMap:
       Attributes = null

MockHttpServletResponse:
           Status = 409
    Error message = null
          Headers = [Content-Type:"text/plain;charset=UTF-8", Content-Length:"29"]
     Content type = text/plain;charset=UTF-8
             Body = 중복된 이메일입니다.
    Forwarded URL = null
   Redirected URL = null
          Cookies = []
2021-08-18 22:47:59.941  INFO 22392 --- [    Test worker] o.s.b.t.m.w.SpringBootMockServletContext : Initializing Spring TestDispatcherServlet ''
2021-08-18 22:47:59.942  INFO 22392 --- [    Test worker] o.s.t.web.servlet.TestDispatcherServlet  : Initializing Servlet ''
2021-08-18 22:47:59.942  INFO 22392 --- [    Test worker] o.s.t.web.servlet.TestDispatcherServlet  : Completed initialization in 0 ms

MockHttpServletRequest:
      HTTP Method = DELETE
      Request URI = /api/user
       Parameters = {}
          Headers = [Authorization:"JWT ACCESS TOKEN"]
             Body = null
    Session Attrs = {}

Handler:
             Type = com.B305.ogym.controller.UserApiController
           Method = com.B305.ogym.controller.UserApiController#deleteMyUser(String, HttpServletRequest)

Async:
    Async started = false
     Async result = null

Resolved Exception:
             Type = null

ModelAndView:
        View name = null
             View = null
            Model = null

FlashMap:
       Attributes = null

MockHttpServletResponse:
           Status = 200
    Error message = null
          Headers = [Content-Type:"application/json;charset=UTF-8"]
     Content type = application/json;charset=UTF-8
             Body = {"statusCode":200,"message":"회원정보 삭제에 성공했습니다","data":{}}
    Forwarded URL = null
   Redirected URL = null
          Cookies = []
2021-08-18 22:47:59.979  INFO 22392 --- [    Test worker] o.s.b.t.m.w.SpringBootMockServletContext : Initializing Spring TestDispatcherServlet ''
2021-08-18 22:47:59.979  INFO 22392 --- [    Test worker] o.s.t.web.servlet.TestDispatcherServlet  : Initializing Servlet ''
2021-08-18 22:47:59.979  INFO 22392 --- [    Test worker] o.s.t.web.servlet.TestDispatcherServlet  : Completed initialization in 0 ms

MockHttpServletRequest:
      HTTP Method = POST
      Request URI = /api/user
       Parameters = {}
          Headers = [Content-Type:"application/json;charset=UTF-8", Content-Length:"454"]
             Body = {"email":"hello@naver.com","password":"asdasd","username":"한솥","age":16,"nickname":"nononoo1","gender":0,"tel":"010-0000-0000","zipCode":"12345","street":"도로명","detailedAddress":"상세주소","role":"ROLE_PTSTUDENT","monthlyHeights":[180,200,210,180,200,210,180,200,210,180,200,210],"monthlyWeights":[180,200,210,180,200,210,180,200,210,180,200,210],"major":null,"certificates":null,"careers":null,"price":0,"description":null,"snsAddrs":null}
    Session Attrs = {}

Handler:
             Type = com.B305.ogym.controller.UserApiController
           Method = com.B305.ogym.controller.UserApiController#signup(SaveUserRequest)

Async:
    Async started = false
     Async result = null

Resolved Exception:
             Type = null

ModelAndView:
        View name = null
             View = null
            Model = null

FlashMap:
       Attributes = null

MockHttpServletResponse:
           Status = 201
    Error message = null
          Headers = [Content-Type:"application/json;charset=UTF-8"]
     Content type = application/json;charset=UTF-8
             Body = {"statusCode":201,"message":"회원 가입에 성공했습니다.","data":{}}
    Forwarded URL = null
   Redirected URL = null
          Cookies = []
2021-08-18 22:48:00.030  INFO 22392 --- [    Test worker] o.s.b.t.m.w.SpringBootMockServletContext : Initializing Spring TestDispatcherServlet ''
2021-08-18 22:48:00.031  INFO 22392 --- [    Test worker] o.s.t.web.servlet.TestDispatcherServlet  : Initializing Servlet ''
2021-08-18 22:48:00.032  INFO 22392 --- [    Test worker] o.s.t.web.servlet.TestDispatcherServlet  : Completed initialization in 1 ms

MockHttpServletRequest:
      HTTP Method = DELETE
      Request URI = /api/user
       Parameters = {}
          Headers = [Authorization:"JWT ACCESS TOKEN"]
             Body = null
    Session Attrs = {}

Handler:
             Type = com.B305.ogym.controller.UserApiController
           Method = com.B305.ogym.controller.UserApiController#deleteMyUser(String, HttpServletRequest)

Async:
    Async started = false
     Async result = null

Resolved Exception:
             Type = com.B305.ogym.exception.user.UserNotFoundException

ModelAndView:
        View name = null
             View = null
            Model = null

FlashMap:
       Attributes = null

MockHttpServletResponse:
           Status = 404
    Error message = null
          Headers = [Content-Type:"text/plain;charset=UTF-8", Content-Length:"72"]
     Content type = text/plain;charset=UTF-8
             Body = 가입하지 않은 아이디이거나, 잘못된 비밀번호입니다.
    Forwarded URL = null
   Redirected URL = null
          Cookies = []
2021-08-18 22:48:00.060  INFO 22392 --- [    Test worker] o.s.b.t.m.w.SpringBootMockServletContext : Initializing Spring TestDispatcherServlet ''
2021-08-18 22:48:00.061  INFO 22392 --- [    Test worker] o.s.t.web.servlet.TestDispatcherServlet  : Initializing Servlet ''
2021-08-18 22:48:00.061  INFO 22392 --- [    Test worker] o.s.t.web.servlet.TestDispatcherServlet  : Completed initialization in 0 ms

MockHttpServletRequest:
      HTTP Method = PATCH
      Request URI = /api/user
       Parameters = {}
          Headers = [Content-Type:"application/json;charset=UTF-8", Content-Length:"25"]
             Body = {"url":"fileDIR/fileURL"}
    Session Attrs = {}

Handler:
             Type = com.B305.ogym.controller.UserApiController
           Method = com.B305.ogym.controller.UserApiController#putProfile(String, ProfileDto)

Async:
    Async started = false
     Async result = null

Resolved Exception:
             Type = null

ModelAndView:
        View name = null
             View = null
            Model = null

FlashMap:
       Attributes = null

MockHttpServletResponse:
           Status = 200
    Error message = null
          Headers = [Content-Type:"application/json;charset=UTF-8"]
     Content type = application/json;charset=UTF-8
             Body = {"statusCode":200,"message":"프로필 저장에 성공했습니다.","data":{}}
    Forwarded URL = null
   Redirected URL = null
          Cookies = []
2021-08-18 22:48:00.085  INFO 22392 --- [    Test worker] o.s.b.t.m.w.SpringBootMockServletContext : Initializing Spring TestDispatcherServlet ''
2021-08-18 22:48:00.085  INFO 22392 --- [    Test worker] o.s.t.web.servlet.TestDispatcherServlet  : Initializing Servlet ''
2021-08-18 22:48:00.085  INFO 22392 --- [    Test worker] o.s.t.web.servlet.TestDispatcherServlet  : Completed initialization in 0 ms

MockHttpServletRequest:
      HTTP Method = DELETE
      Request URI = /api/user
       Parameters = {}
          Headers = [Authorization:"JWT ACCESS TOKEN"]
             Body = null
    Session Attrs = {}

Handler:
             Type = com.B305.ogym.controller.UserApiController
           Method = com.B305.ogym.controller.UserApiController#deleteMyUser(String, HttpServletRequest)

Async:
    Async started = false
     Async result = null

Resolved Exception:
             Type = null

ModelAndView:
        View name = null
             View = null
            Model = null

FlashMap:
       Attributes = null

MockHttpServletResponse:
           Status = 200
    Error message = null
          Headers = [Content-Type:"application/json;charset=UTF-8"]
     Content type = application/json;charset=UTF-8
             Body = {"statusCode":200,"message":"회원정보 삭제에 성공했습니다","data":{}}
    Forwarded URL = null
   Redirected URL = null
          Cookies = []
2021-08-18 22:48:00.105  INFO 22392 --- [    Test worker] o.s.b.t.m.w.SpringBootMockServletContext : Initializing Spring TestDispatcherServlet ''
2021-08-18 22:48:00.106  INFO 22392 --- [    Test worker] o.s.t.web.servlet.TestDispatcherServlet  : Initializing Servlet ''
2021-08-18 22:48:00.106  INFO 22392 --- [    Test worker] o.s.t.web.servlet.TestDispatcherServlet  : Completed initialization in 0 ms

MockHttpServletRequest:
      HTTP Method = POST
      Request URI = /api/user
       Parameters = {}
          Headers = [Content-Type:"application/json;charset=UTF-8", Content-Length:"359"]
             Body = {"email":"hello@naver.com","password":"asdasd","username":"juhu","age":20,"nickname":"juhu","gender":0,"tel":"010-0000-0000","zipCode":"12345","street":"road 17","detailedAddress":"juhu","role":"ROLE_PTTEACHER","monthlyHeights":null,"monthlyWeights":null,"major":"재활","certificates":[],"careers":[],"price":1000,"description":"트레이너","snsAddrs":[]}
    Session Attrs = {}

Handler:
             Type = com.B305.ogym.controller.UserApiController
           Method = com.B305.ogym.controller.UserApiController#signup(SaveUserRequest)

Async:
    Async started = false
     Async result = null

Resolved Exception:
             Type = null

ModelAndView:
        View name = null
             View = null
            Model = null

FlashMap:
       Attributes = null

MockHttpServletResponse:
           Status = 201
    Error message = null
          Headers = [Content-Type:"application/json;charset=UTF-8"]
     Content type = application/json;charset=UTF-8
             Body = {"statusCode":201,"message":"회원 가입에 성공했습니다.","data":{}}
    Forwarded URL = null
   Redirected URL = null
          Cookies = []
2021-08-18 22:48:00.134  INFO 22392 --- [    Test worker] o.s.b.t.m.w.SpringBootMockServletContext : Initializing Spring TestDispatcherServlet ''
2021-08-18 22:48:00.134  INFO 22392 --- [    Test worker] o.s.t.web.servlet.TestDispatcherServlet  : Initializing Servlet ''
2021-08-18 22:48:00.134  INFO 22392 --- [    Test worker] o.s.t.web.servlet.TestDispatcherServlet  : Completed initialization in 0 ms

MockHttpServletRequest:
      HTTP Method = DELETE
      Request URI = /api/user
       Parameters = {}
          Headers = [Authorization:"JWT ACCESS TOKEN"]
             Body = null
    Session Attrs = {}

Handler:
             Type = com.B305.ogym.controller.UserApiController
           Method = com.B305.ogym.controller.UserApiController#deleteMyUser(String, HttpServletRequest)

Async:
    Async started = false
     Async result = null

Resolved Exception:
             Type = com.B305.ogym.exception.user.UserNotFoundException

ModelAndView:
        View name = null
             View = null
            Model = null

FlashMap:
       Attributes = null

MockHttpServletResponse:
           Status = 404
    Error message = null
          Headers = [Content-Type:"text/plain;charset=UTF-8", Content-Length:"72"]
     Content type = text/plain;charset=UTF-8
             Body = 가입하지 않은 아이디이거나, 잘못된 비밀번호입니다.
    Forwarded URL = null
   Redirected URL = null
          Cookies = []
2021-08-18 22:48:00.155  INFO 22392 --- [    Test worker] o.s.b.t.m.w.SpringBootMockServletContext : Initializing Spring TestDispatcherServlet ''
2021-08-18 22:48:00.156  INFO 22392 --- [    Test worker] o.s.t.web.servlet.TestDispatcherServlet  : Initializing Servlet ''
2021-08-18 22:48:00.156  INFO 22392 --- [    Test worker] o.s.t.web.servlet.TestDispatcherServlet  : Completed initialization in 0 ms
[id, email]

MockHttpServletRequest:
      HTTP Method = GET
      Request URI = /api/user/%5Bid,%20email%5D
       Parameters = {}
          Headers = [Authorization:"JWT ACCESS TOKEN"]
             Body = null
    Session Attrs = {}

Handler:
             Type = com.B305.ogym.controller.UserApiController
           Method = com.B305.ogym.controller.UserApiController#getUserInfo(String, List)

Async:
    Async started = false
     Async result = null

Resolved Exception:
             Type = null

ModelAndView:
        View name = null
             View = null
            Model = null

FlashMap:
       Attributes = null

MockHttpServletResponse:
           Status = 200
    Error message = null
          Headers = [Content-Type:"application/json;charset=UTF-8"]
     Content type = application/json;charset=UTF-8
             Body = {"statusCode":200,"message":"회원 정보를 불러오는데 성공했습니다","data":{"id":1,"email":"teacher@naver.com"}}
    Forwarded URL = null
   Redirected URL = null
          Cookies = []
]]></system-out>
  <system-err><![CDATA[]]></system-err>
</testsuite>
